<?xml version="1.0" encoding="UTF-8"?>
<testsuite xmlns:xsi="http://www.w3.org/2001/XMLSchema-instance" xsi:noNamespaceSchemaLocation="https://maven.apache.org/surefire/maven-surefire-plugin/xsd/surefire-test-report.xsd" name="com.example.algamoney.api.AlgamoneyApiApplicationTests" time="3.749" tests="1" errors="1" skipped="0" failures="0">
  <properties>
[...]
</properties>
  <testcase name="contextLoads" classname="com.example.algamoney.api.AlgamoneyApiApplicationTests" time="0.001">
    <error message="Failed to load ApplicationContext" type="java.lang.IllegalStateException">java.lang.IllegalStateException: Failed to load ApplicationContext
Caused by: org.springframework.beans.factory.BeanCreationException: 
Error creating bean with name 'flywayInitializer' defined in class path resource [org/springframework/boot/autoconfigure/flyway/FlywayAutoConfiguration$FlywayConfiguration.class]: Invocation of init method failed; nested exception is org.flywaydb.core.internal.exception.FlywaySqlException: 
Unable to obtain database connection
------------------------------------
SQL State  : 08S01
Error Code : 0
Message    : Communications link failure

The last packet sent successfully to the server was 0 milliseconds ago. The driver has not received any packets from the server.

Caused by: org.flywaydb.core.internal.exception.FlywaySqlException: 

Unable to obtain database connection
------------------------------------
SQL State  : 08S01
Error Code : 0
Message    : Communications link failure

The last packet sent successfully to the server was 0 milliseconds ago. The driver has not received any packets from the server.

Caused by: com.mysql.jdbc.exceptions.jdbc4.CommunicationsException: 
Communications link failure

The last packet sent successfully to the server was 0 milliseconds ago. The driver has not received any packets from the server.
Caused by: java.net.ConnectException: Conexão recusada (Connection refused)
</error>
    <system-out><![CDATA[15:43:56.574 [main] DEBUG org.springframework.test.context.junit4.SpringJUnit4ClassRunner - SpringJUnit4ClassRunner constructor called with [class com.example.algamoney.api.AlgamoneyApiApplicationTests]
15:43:56.577 [main] DEBUG org.springframework.test.context.BootstrapUtils - Instantiating CacheAwareContextLoaderDelegate from class [org.springframework.test.context.cache.DefaultCacheAwareContextLoaderDelegate]
15:43:56.582 [main] DEBUG org.springframework.test.context.BootstrapUtils - Instantiating BootstrapContext using constructor [public org.springframework.test.context.support.DefaultBootstrapContext(java.lang.Class,org.springframework.test.context.CacheAwareContextLoaderDelegate)]
15:43:56.593 [main] DEBUG org.springframework.test.context.BootstrapUtils - Instantiating TestContextBootstrapper for test class [com.example.algamoney.api.AlgamoneyApiApplicationTests] from class [org.springframework.boot.test.context.SpringBootTestContextBootstrapper]
15:43:56.601 [main] INFO org.springframework.boot.test.context.SpringBootTestContextBootstrapper - Neither @ContextConfiguration nor @ContextHierarchy found for test class [com.example.algamoney.api.AlgamoneyApiApplicationTests], using SpringBootContextLoader
15:43:56.603 [main] DEBUG org.springframework.test.context.support.AbstractContextLoader - Did not detect default resource location for test class [com.example.algamoney.api.AlgamoneyApiApplicationTests]: class path resource [com/example/algamoney/api/AlgamoneyApiApplicationTests-context.xml] does not exist
15:43:56.604 [main] DEBUG org.springframework.test.context.support.AbstractContextLoader - Did not detect default resource location for test class [com.example.algamoney.api.AlgamoneyApiApplicationTests]: class path resource [com/example/algamoney/api/AlgamoneyApiApplicationTestsContext.groovy] does not exist
15:43:56.604 [main] INFO org.springframework.test.context.support.AbstractContextLoader - Could not detect default resource locations for test class [com.example.algamoney.api.AlgamoneyApiApplicationTests]: no resource found for suffixes {-context.xml, Context.groovy}.
15:43:56.605 [main] INFO org.springframework.test.context.support.AnnotationConfigContextLoaderUtils - Could not detect default configuration classes for test class [com.example.algamoney.api.AlgamoneyApiApplicationTests]: AlgamoneyApiApplicationTests does not declare any static, non-private, non-final, nested classes annotated with @Configuration.
15:43:56.627 [main] DEBUG org.springframework.test.context.support.ActiveProfilesUtils - Could not find an 'annotation declaring class' for annotation type [org.springframework.test.context.ActiveProfiles] and class [com.example.algamoney.api.AlgamoneyApiApplicationTests]
15:43:56.631 [main] DEBUG org.springframework.core.env.StandardEnvironment - Adding PropertySource 'systemProperties' with lowest search precedence
15:43:56.631 [main] DEBUG org.springframework.core.env.StandardEnvironment - Adding PropertySource 'systemEnvironment' with lowest search precedence
15:43:56.631 [main] DEBUG org.springframework.core.env.StandardEnvironment - Initialized StandardEnvironment with PropertySources [MapPropertySource@1762902523 {name='systemProperties', properties={sun.desktop=gnome, awt.toolkit=sun.awt.X11.XToolkit, java.specification.version=11, sun.cpu.isalist=, sun.jnu.encoding=UTF-8, java.class.path=/home/devsouza/Downloads/25.03-modificacoes-para-o-spring-security-5/target/test-classes:/home/devsouza/Downloads/25.03-modificacoes-para-o-spring-security-5/target/classes:/home/devsouza/.m2/repository/org/springframework/boot/spring-boot-starter-data-jpa/2.0.2.RELEASE/spring-boot-starter-data-jpa-2.0.2.RELEASE.jar:/home/devsouza/.m2/repository/org/springframework/boot/spring-boot-starter/2.0.2.RELEASE/spring-boot-starter-2.0.2.RELEASE.jar:/home/devsouza/.m2/repository/org/springframework/boot/spring-boot-starter-logging/2.0.2.RELEASE/spring-boot-starter-logging-2.0.2.RELEASE.jar:/home/devsouza/.m2/repository/ch/qos/logback/logback-classic/1.2.3/logback-classic-1.2.3.jar:/home/devsouza/.m2/repository/ch/qos/logback/logback-core/1.2.3/logback-core-1.2.3.jar:/home/devsouza/.m2/repository/org/apache/logging/log4j/log4j-to-slf4j/2.10.0/log4j-to-slf4j-2.10.0.jar:/home/devsouza/.m2/repository/org/apache/logging/log4j/log4j-api/2.10.0/log4j-api-2.10.0.jar:/home/devsouza/.m2/repository/org/slf4j/jul-to-slf4j/1.7.25/jul-to-slf4j-1.7.25.jar:/home/devsouza/.m2/repository/javax/annotation/javax.annotation-api/1.3.2/javax.annotation-api-1.3.2.jar:/home/devsouza/.m2/repository/org/yaml/snakeyaml/1.19/snakeyaml-1.19.jar:/home/devsouza/.m2/repository/org/springframework/boot/spring-boot-starter-aop/2.0.2.RELEASE/spring-boot-starter-aop-2.0.2.RELEASE.jar:/home/devsouza/.m2/repository/org/aspectj/aspectjweaver/1.8.13/aspectjweaver-1.8.13.jar:/home/devsouza/.m2/repository/org/springframework/boot/spring-boot-starter-jdbc/2.0.2.RELEASE/spring-boot-starter-jdbc-2.0.2.RELEASE.jar:/home/devsouza/.m2/repository/com/zaxxer/HikariCP/2.7.9/HikariCP-2.7.9.jar:/home/devsouza/.m2/repository/org/springframework/spring-jdbc/5.0.6.RELEASE/spring-jdbc-5.0.6.RELEASE.jar:/home/devsouza/.m2/repository/org/hibernate/hibernate-core/5.2.17.Final/hibernate-core-5.2.17.Final.jar:/home/devsouza/.m2/repository/org/hibernate/javax/persistence/hibernate-jpa-2.1-api/1.0.0.Final/hibernate-jpa-2.1-api-1.0.0.Final.jar:/home/devsouza/.m2/repository/org/javassist/javassist/3.22.0-GA/javassist-3.22.0-GA.jar:/home/devsouza/.m2/repository/antlr/antlr/2.7.7/antlr-2.7.7.jar:/home/devsouza/.m2/repository/org/jboss/jandex/2.0.3.Final/jandex-2.0.3.Final.jar:/home/devsouza/.m2/repository/com/fasterxml/classmate/1.3.4/classmate-1.3.4.jar:/home/devsouza/.m2/repository/dom4j/dom4j/1.6.1/dom4j-1.6.1.jar:/home/devsouza/.m2/repository/org/hibernate/common/hibernate-commons-annotations/5.0.1.Final/hibernate-commons-annotations-5.0.1.Final.jar:/home/devsouza/.m2/repository/javax/transaction/javax.transaction-api/1.2/javax.transaction-api-1.2.jar:/home/devsouza/.m2/repository/org/springframework/data/spring-data-jpa/2.0.7.RELEASE/spring-data-jpa-2.0.7.RELEASE.jar:/home/devsouza/.m2/repository/org/springframework/data/spring-data-commons/2.0.7.RELEASE/spring-data-commons-2.0.7.RELEASE.jar:/home/devsouza/.m2/repository/org/springframework/spring-orm/5.0.6.RELEASE/spring-orm-5.0.6.RELEASE.jar:/home/devsouza/.m2/repository/org/springframework/spring-tx/5.0.6.RELEASE/spring-tx-5.0.6.RELEASE.jar:/home/devsouza/.m2/repository/org/springframework/spring-aspects/5.0.6.RELEASE/spring-aspects-5.0.6.RELEASE.jar:/home/devsouza/.m2/repository/org/springframework/boot/spring-boot-starter-web/2.0.2.RELEASE/spring-boot-starter-web-2.0.2.RELEASE.jar:/home/devsouza/.m2/repository/org/springframework/boot/spring-boot-starter-json/2.0.2.RELEASE/spring-boot-starter-json-2.0.2.RELEASE.jar:/home/devsouza/.m2/repository/com/fasterxml/jackson/datatype/jackson-datatype-jdk8/2.9.5/jackson-datatype-jdk8-2.9.5.jar:/home/devsouza/.m2/repository/com/fasterxml/jackson/module/jackson-module-parameter-names/2.9.5/jackson-module-parameter-names-2.9.5.jar:/home/devsouza/.m2/repository/org/springframework/boot/spring-boot-starter-tomcat/2.0.2.RELEASE/spring-boot-starter-tomcat-2.0.2.RELEASE.jar:/home/devsouza/.m2/repository/org/apache/tomcat/embed/tomcat-embed-core/8.5.31/tomcat-embed-core-8.5.31.jar:/home/devsouza/.m2/repository/org/apache/tomcat/embed/tomcat-embed-el/8.5.31/tomcat-embed-el-8.5.31.jar:/home/devsouza/.m2/repository/org/apache/tomcat/embed/tomcat-embed-websocket/8.5.31/tomcat-embed-websocket-8.5.31.jar:/home/devsouza/.m2/repository/org/hibernate/validator/hibernate-validator/6.0.9.Final/hibernate-validator-6.0.9.Final.jar:/home/devsouza/.m2/repository/javax/validation/validation-api/2.0.1.Final/validation-api-2.0.1.Final.jar:/home/devsouza/.m2/repository/org/springframework/spring-web/5.0.6.RELEASE/spring-web-5.0.6.RELEASE.jar:/home/devsouza/.m2/repository/org/springframework/spring-webmvc/5.0.6.RELEASE/spring-webmvc-5.0.6.RELEASE.jar:/home/devsouza/.m2/repository/org/springframework/spring-expression/5.0.6.RELEASE/spring-expression-5.0.6.RELEASE.jar:/home/devsouza/.m2/repository/org/springframework/boot/spring-boot-starter-mail/2.0.2.RELEASE/spring-boot-starter-mail-2.0.2.RELEASE.jar:/home/devsouza/.m2/repository/org/springframework/spring-context/5.0.6.RELEASE/spring-context-5.0.6.RELEASE.jar:/home/devsouza/.m2/repository/org/springframework/spring-context-support/5.0.6.RELEASE/spring-context-support-5.0.6.RELEASE.jar:/home/devsouza/.m2/repository/com/sun/mail/javax.mail/1.6.1/javax.mail-1.6.1.jar:/home/devsouza/.m2/repository/javax/activation/activation/1.1/activation-1.1.jar:/home/devsouza/.m2/repository/org/springframework/boot/spring-boot-devtools/2.0.2.RELEASE/spring-boot-devtools-2.0.2.RELEASE.jar:/home/devsouza/.m2/repository/org/springframework/boot/spring-boot/2.0.2.RELEASE/spring-boot-2.0.2.RELEASE.jar:/home/devsouza/.m2/repository/org/springframework/boot/spring-boot-autoconfigure/2.0.2.RELEASE/spring-boot-autoconfigure-2.0.2.RELEASE.jar:/home/devsouza/.m2/repository/org/springframework/boot/spring-boot-starter-test/2.0.2.RELEASE/spring-boot-starter-test-2.0.2.RELEASE.jar:/home/devsouza/.m2/repository/org/springframework/boot/spring-boot-test/2.0.2.RELEASE/spring-boot-test-2.0.2.RELEASE.jar:/home/devsouza/.m2/repository/org/springframework/boot/spring-boot-test-autoconfigure/2.0.2.RELEASE/spring-boot-test-autoconfigure-2.0.2.RELEASE.jar:/home/devsouza/.m2/repository/com/jayway/jsonpath/json-path/2.4.0/json-path-2.4.0.jar:/home/devsouza/.m2/repository/net/minidev/json-smart/2.3/json-smart-2.3.jar:/home/devsouza/.m2/repository/net/minidev/accessors-smart/1.2/accessors-smart-1.2.jar:/home/devsouza/.m2/repository/org/ow2/asm/asm/5.0.4/asm-5.0.4.jar:/home/devsouza/.m2/repository/junit/junit/4.12/junit-4.12.jar:/home/devsouza/.m2/repository/org/assertj/assertj-core/3.9.1/assertj-core-3.9.1.jar:/home/devsouza/.m2/repository/org/mockito/mockito-core/2.15.0/mockito-core-2.15.0.jar:/home/devsouza/.m2/repository/net/bytebuddy/byte-buddy/1.7.11/byte-buddy-1.7.11.jar:/home/devsouza/.m2/repository/net/bytebuddy/byte-buddy-agent/1.7.11/byte-buddy-agent-1.7.11.jar:/home/devsouza/.m2/repository/org/objenesis/objenesis/2.6/objenesis-2.6.jar:/home/devsouza/.m2/repository/org/hamcrest/hamcrest-core/1.3/hamcrest-core-1.3.jar:/home/devsouza/.m2/repository/org/hamcrest/hamcrest-library/1.3/hamcrest-library-1.3.jar:/home/devsouza/.m2/repository/org/skyscreamer/jsonassert/1.5.0/jsonassert-1.5.0.jar:/home/devsouza/.m2/repository/com/vaadin/external/google/android-json/0.0.20131108.vaadin1/android-json-0.0.20131108.vaadin1.jar:/home/devsouza/.m2/repository/org/springframework/spring-core/5.0.6.RELEASE/spring-core-5.0.6.RELEASE.jar:/home/devsouza/.m2/repository/org/springframework/spring-jcl/5.0.6.RELEASE/spring-jcl-5.0.6.RELEASE.jar:/home/devsouza/.m2/repository/org/springframework/spring-test/5.0.6.RELEASE/spring-test-5.0.6.RELEASE.jar:/home/devsouza/.m2/repository/org/xmlunit/xmlunit-core/2.5.1/xmlunit-core-2.5.1.jar:/home/devsouza/.m2/repository/org/springframework/boot/spring-boot-starter-thymeleaf/2.0.2.RELEASE/spring-boot-starter-thymeleaf-2.0.2.RELEASE.jar:/home/devsouza/.m2/repository/org/thymeleaf/thymeleaf-spring5/3.0.9.RELEASE/thymeleaf-spring5-3.0.9.RELEASE.jar:/home/devsouza/.m2/repository/org/thymeleaf/extras/thymeleaf-extras-java8time/3.0.1.RELEASE/thymeleaf-extras-java8time-3.0.1.RELEASE.jar:/home/devsouza/.m2/repository/org/thymeleaf/thymeleaf/3.0.9.RELEASE/thymeleaf-3.0.9.RELEASE.jar:/home/devsouza/.m2/repository/ognl/ognl/3.1.12/ognl-3.1.12.jar:/home/devsouza/.m2/repository/org/attoparser/attoparser/2.0.4.RELEASE/attoparser-2.0.4.RELEASE.jar:/home/devsouza/.m2/repository/org/unbescape/unbescape/1.1.5.RELEASE/unbescape-1.1.5.RELEASE.jar:/home/devsouza/.m2/repository/org/slf4j/slf4j-api/1.7.25/slf4j-api-1.7.25.jar:/home/devsouza/.m2/repository/mysql/mysql-connector-java/5.1.46/mysql-connector-java-5.1.46.jar:/home/devsouza/.m2/repository/org/flywaydb/flyway-core/5.0.7/flyway-core-5.0.7.jar:/home/devsouza/.m2/repository/org/hibernate/hibernate-java8/5.2.17.Final/hibernate-java8-5.2.17.Final.jar:/home/devsouza/.m2/repository/org/jboss/logging/jboss-logging/3.3.2.Final/jboss-logging-3.3.2.Final.jar:/home/devsouza/.m2/repository/com/fasterxml/jackson/datatype/jackson-datatype-jsr310/2.9.5/jackson-datatype-jsr310-2.9.5.jar:/home/devsouza/.m2/repository/com/fasterxml/jackson/core/jackson-annotations/2.9.0/jackson-annotations-2.9.0.jar:/home/devsouza/.m2/repository/com/fasterxml/jackson/core/jackson-core/2.9.5/jackson-core-2.9.5.jar:/home/devsouza/.m2/repository/com/fasterxml/jackson/core/jackson-databind/2.9.5/jackson-databind-2.9.5.jar:/home/devsouza/.m2/repository/org/apache/commons/commons-lang3/3.4/commons-lang3-3.4.jar:/home/devsouza/.m2/repository/org/springframework/boot/spring-boot-starter-security/2.0.2.RELEASE/spring-boot-starter-security-2.0.2.RELEASE.jar:/home/devsouza/.m2/repository/org/springframework/spring-aop/5.0.6.RELEASE/spring-aop-5.0.6.RELEASE.jar:/home/devsouza/.m2/repository/org/springframework/security/spring-security-config/5.0.5.RELEASE/spring-security-config-5.0.5.RELEASE.jar:/home/devsouza/.m2/repository/org/springframework/security/spring-security-web/5.0.5.RELEASE/spring-security-web-5.0.5.RELEASE.jar:/home/devsouza/.m2/repository/org/springframework/security/oauth/spring-security-oauth2/2.2.1.RELEASE/spring-security-oauth2-2.2.1.RELEASE.jar:/home/devsouza/.m2/repository/org/springframework/spring-beans/5.0.6.RELEASE/spring-beans-5.0.6.RELEASE.jar:/home/devsouza/.m2/repository/org/springframework/security/spring-security-core/5.0.5.RELEASE/spring-security-core-5.0.5.RELEASE.jar:/home/devsouza/.m2/repository/commons-codec/commons-codec/1.11/commons-codec-1.11.jar:/home/devsouza/.m2/repository/org/codehaus/jackson/jackson-mapper-asl/1.9.13/jackson-mapper-asl-1.9.13.jar:/home/devsouza/.m2/repository/org/codehaus/jackson/jackson-core-asl/1.9.13/jackson-core-asl-1.9.13.jar:/home/devsouza/.m2/repository/org/springframework/security/spring-security-jwt/1.0.9.RELEASE/spring-security-jwt-1.0.9.RELEASE.jar:/home/devsouza/.m2/repository/org/bouncycastle/bcpkix-jdk15on/1.56/bcpkix-jdk15on-1.56.jar:/home/devsouza/.m2/repository/org/bouncycastle/bcprov-jdk15on/1.56/bcprov-jdk15on-1.56.jar:/home/devsouza/.m2/repository/org/springframework/boot/spring-boot-configuration-processor/2.0.2.RELEASE/spring-boot-configuration-processor-2.0.2.RELEASE.jar:/home/devsouza/.m2/repository/net/sf/jasperreports/jasperreports/6.5.1/jasperreports-6.5.1.jar:/home/devsouza/.m2/repository/commons-beanutils/commons-beanutils/1.9.3/commons-beanutils-1.9.3.jar:/home/devsouza/.m2/repository/commons-collections/commons-collections/3.2.2/commons-collections-3.2.2.jar:/home/devsouza/.m2/repository/commons-digester/commons-digester/2.1/commons-digester-2.1.jar:/home/devsouza/.m2/repository/commons-logging/commons-logging/1.1.1/commons-logging-1.1.1.jar:/home/devsouza/.m2/repository/com/lowagie/itext/2.1.7.js6/itext-2.1.7.js6.jar:/home/devsouza/.m2/repository/org/jfree/jcommon/1.0.23/jcommon-1.0.23.jar:/home/devsouza/.m2/repository/org/jfree/jfreechart/1.0.19/jfreechart-1.0.19.jar:/home/devsouza/.m2/repository/org/eclipse/jdt/core/compiler/ecj/4.4.2/ecj-4.4.2.jar:/home/devsouza/.m2/repository/org/codehaus/castor/castor-xml/1.3.3/castor-xml-1.3.3.jar:/home/devsouza/.m2/repository/org/codehaus/castor/castor-core/1.3.3/castor-core-1.3.3.jar:/home/devsouza/.m2/repository/commons-lang/commons-lang/2.6/commons-lang-2.6.jar:/home/devsouza/.m2/repository/javax/inject/javax.inject/1/javax.inject-1.jar:/home/devsouza/.m2/repository/stax/stax/1.2.0/stax-1.2.0.jar:/home/devsouza/.m2/repository/stax/stax-api/1.0.1/stax-api-1.0.1.jar:/home/devsouza/.m2/repository/javax/xml/stream/stax-api/1.0-2/stax-api-1.0-2.jar:/home/devsouza/.m2/repository/org/apache/lucene/lucene-core/4.5.1/lucene-core-4.5.1.jar:/home/devsouza/.m2/repository/org/apache/lucene/lucene-analyzers-common/4.5.1/lucene-analyzers-common-4.5.1.jar:/home/devsouza/.m2/repository/org/apache/lucene/lucene-queryparser/4.5.1/lucene-queryparser-4.5.1.jar:/home/devsouza/.m2/repository/org/apache/lucene/lucene-queries/4.5.1/lucene-queries-4.5.1.jar:/home/devsouza/.m2/repository/org/apache/lucene/lucene-sandbox/4.5.1/lucene-sandbox-4.5.1.jar:/home/devsouza/.m2/repository/jakarta-regexp/jakarta-regexp/1.4/jakarta-regexp-1.4.jar:/home/devsouza/.m2/repository/org/olap4j/olap4j/0.9.7.309-JS-3/olap4j-0.9.7.309-JS-3.jar:/home/devsouza/.m2/repository/com/google/zxing/core/3.2.1/core-3.2.1.jar:/home/devsouza/.m2/repository/com/ibm/icu/icu4j/57.1/icu4j-57.1.jar:/home/devsouza/.m2/repository/net/sf/jasperreports/jasperreports-functions/6.5.1/jasperreports-functions-6.5.1.jar:/home/devsouza/.m2/repository/joda-time/joda-time/2.9.9/joda-time-2.9.9.jar:/home/devsouza/.m2/repository/net/sf/jasperreports/jasperreports-fonts/6.0.0/jasperreports-fonts-6.0.0.jar:/home/devsouza/.m2/repository/com/amazonaws/aws-java-sdk/1.11.274/aws-java-sdk-1.11.274.jar:/home/devsouza/.m2/repository/com/amazonaws/aws-java-sdk-transcribe/1.11.274/aws-java-sdk-transcribe-1.11.274.jar:/home/devsouza/.m2/repository/com/amazonaws/jmespath-java/1.11.274/jmespath-java-1.11.274.jar:/home/devsouza/.m2/repository/com/amazonaws/aws-java-sdk-autoscalingplans/1.11.274/aws-java-sdk-autoscalingplans-1.11.274.jar:/home/devsouza/.m2/repository/com/amazonaws/aws-java-sdk-workmail/1.11.274/aws-java-sdk-workmail-1.11.274.jar:/home/devsouza/.m2/repository/com/amazonaws/aws-java-sdk-servicediscovery/1.11.274/aws-java-sdk-servicediscovery-1.11.274.jar:/home/devsouza/.m2/repository/com/amazonaws/aws-java-sdk-cloud9/1.11.274/aws-java-sdk-cloud9-1.11.274.jar:/home/devsouza/.m2/repository/com/amazonaws/aws-java-sdk-serverlessapplicationrepository/1.11.274/aws-java-sdk-serverlessapplicationrepository-1.11.274.jar:/home/devsouza/.m2/repository/com/amazonaws/aws-java-sdk-alexaforbusiness/1.11.274/aws-java-sdk-alexaforbusiness-1.11.274.jar:/home/devsouza/.m2/repository/com/amazonaws/aws-java-sdk-resourcegroups/1.11.274/aws-java-sdk-resourcegroups-1.11.274.jar:/home/devsouza/.m2/repository/com/amazonaws/aws-java-sdk-comprehend/1.11.274/aws-java-sdk-comprehend-1.11.274.jar:/home/devsouza/.m2/repository/com/amazonaws/aws-java-sdk-translate/1.11.274/aws-java-sdk-translate-1.11.274.jar:/home/devsouza/.m2/repository/com/amazonaws/aws-java-sdk-sagemaker/1.11.274/aws-java-sdk-sagemaker-1.11.274.jar:/home/devsouza/.m2/repository/com/amazonaws/aws-java-sdk-iotjobsdataplane/1.11.274/aws-java-sdk-iotjobsdataplane-1.11.274.jar:/home/devsouza/.m2/repository/com/amazonaws/aws-java-sdk-sagemakerruntime/1.11.274/aws-java-sdk-sagemakerruntime-1.11.274.jar:/home/devsouza/.m2/repository/com/amazonaws/aws-java-sdk-kinesisvideo/1.11.274/aws-java-sdk-kinesisvideo-1.11.274.jar:/home/devsouza/.m2/repository/io/netty/netty-codec-http/4.1.24.Final/netty-codec-http-4.1.24.Final.jar:/home/devsouza/.m2/repository/io/netty/netty-codec/4.1.24.Final/netty-codec-4.1.24.Final.jar:/home/devsouza/.m2/repository/io/netty/netty-handler/4.1.24.Final/netty-handler-4.1.24.Final.jar:/home/devsouza/.m2/repository/io/netty/netty-buffer/4.1.24.Final/netty-buffer-4.1.24.Final.jar:/home/devsouza/.m2/repository/io/netty/netty-common/4.1.24.Final/netty-common-4.1.24.Final.jar:/home/devsouza/.m2/repository/io/netty/netty-transport/4.1.24.Final/netty-transport-4.1.24.Final.jar:/home/devsouza/.m2/repository/io/netty/netty-resolver/4.1.24.Final/netty-resolver-4.1.24.Final.jar:/home/devsouza/.m2/repository/com/amazonaws/aws-java-sdk-appsync/1.11.274/aws-java-sdk-appsync-1.11.274.jar:/home/devsouza/.m2/repository/com/amazonaws/aws-java-sdk-guardduty/1.11.274/aws-java-sdk-guardduty-1.11.274.jar:/home/devsouza/.m2/repository/com/amazonaws/aws-java-sdk-mq/1.11.274/aws-java-sdk-mq-1.11.274.jar:/home/devsouza/.m2/repository/com/amazonaws/aws-java-sdk-mediaconvert/1.11.274/aws-java-sdk-mediaconvert-1.11.274.jar:/home/devsouza/.m2/repository/com/amazonaws/aws-java-sdk-mediastore/1.11.274/aws-java-sdk-mediastore-1.11.274.jar:/home/devsouza/.m2/repository/com/amazonaws/aws-java-sdk-mediastoredata/1.11.274/aws-java-sdk-mediastoredata-1.11.274.jar:/home/devsouza/.m2/repository/com/amazonaws/aws-java-sdk-medialive/1.11.274/aws-java-sdk-medialive-1.11.274.jar:/home/devsouza/.m2/repository/com/amazonaws/aws-java-sdk-mediapackage/1.11.274/aws-java-sdk-mediapackage-1.11.274.jar:/home/devsouza/.m2/repository/com/amazonaws/aws-java-sdk-costexplorer/1.11.274/aws-java-sdk-costexplorer-1.11.274.jar:/home/devsouza/.m2/repository/com/amazonaws/aws-java-sdk-pricing/1.11.274/aws-java-sdk-pricing-1.11.274.jar:/home/devsouza/.m2/repository/com/amazonaws/aws-java-sdk-mobile/1.11.274/aws-java-sdk-mobile-1.11.274.jar:/home/devsouza/.m2/repository/com/amazonaws/aws-java-sdk-cloudhsmv2/1.11.274/aws-java-sdk-cloudhsmv2-1.11.274.jar:/home/devsouza/.m2/repository/com/amazonaws/aws-java-sdk-glue/1.11.274/aws-java-sdk-glue-1.11.274.jar:/home/devsouza/.m2/repository/com/amazonaws/aws-java-sdk-migrationhub/1.11.274/aws-java-sdk-migrationhub-1.11.274.jar:/home/devsouza/.m2/repository/com/amazonaws/aws-java-sdk-dax/1.11.274/aws-java-sdk-dax-1.11.274.jar:/home/devsouza/.m2/repository/com/amazonaws/aws-java-sdk-greengrass/1.11.274/aws-java-sdk-greengrass-1.11.274.jar:/home/devsouza/.m2/repository/com/amazonaws/aws-java-sdk-athena/1.11.274/aws-java-sdk-athena-1.11.274.jar:/home/devsouza/.m2/repository/com/amazonaws/aws-java-sdk-marketplaceentitlement/1.11.274/aws-java-sdk-marketplaceentitlement-1.11.274.jar:/home/devsouza/.m2/repository/com/amazonaws/aws-java-sdk-codestar/1.11.274/aws-java-sdk-codestar-1.11.274.jar:/home/devsouza/.m2/repository/com/amazonaws/aws-java-sdk-lexmodelbuilding/1.11.274/aws-java-sdk-lexmodelbuilding-1.11.274.jar:/home/devsouza/.m2/repository/com/amazonaws/aws-java-sdk-resourcegroupstaggingapi/1.11.274/aws-java-sdk-resourcegroupstaggingapi-1.11.274.jar:/home/devsouza/.m2/repository/com/amazonaws/aws-java-sdk-pinpoint/1.11.274/aws-java-sdk-pinpoint-1.11.274.jar:/home/devsouza/.m2/repository/com/amazonaws/aws-java-sdk-xray/1.11.274/aws-java-sdk-xray-1.11.274.jar:/home/devsouza/.m2/repository/com/amazonaws/aws-java-sdk-opsworkscm/1.11.274/aws-java-sdk-opsworkscm-1.11.274.jar:/home/devsouza/.m2/repository/com/amazonaws/aws-java-sdk-support/1.11.274/aws-java-sdk-support-1.11.274.jar:/home/devsouza/.m2/repository/com/amazonaws/aws-java-sdk-simpledb/1.11.274/aws-java-sdk-simpledb-1.11.274.jar:/home/devsouza/.m2/repository/com/amazonaws/aws-java-sdk-servicecatalog/1.11.274/aws-java-sdk-servicecatalog-1.11.274.jar:/home/devsouza/.m2/repository/com/amazonaws/aws-java-sdk-servermigration/1.11.274/aws-java-sdk-servermigration-1.11.274.jar:/home/devsouza/.m2/repository/com/amazonaws/aws-java-sdk-simpleworkflow/1.11.274/aws-java-sdk-simpleworkflow-1.11.274.jar:/home/devsouza/.m2/repository/com/amazonaws/aws-java-sdk-storagegateway/1.11.274/aws-java-sdk-storagegateway-1.11.274.jar:/home/devsouza/.m2/repository/com/amazonaws/aws-java-sdk-route53/1.11.274/aws-java-sdk-route53-1.11.274.jar:/home/devsouza/.m2/repository/com/amazonaws/aws-java-sdk-s3/1.11.274/aws-java-sdk-s3-1.11.274.jar:/home/devsouza/.m2/repository/com/amazonaws/aws-java-sdk-importexport/1.11.274/aws-java-sdk-importexport-1.11.274.jar:/home/devsouza/.m2/repository/com/amazonaws/aws-java-sdk-sts/1.11.274/aws-java-sdk-sts-1.11.274.jar:/home/devsouza/.m2/repository/com/amazonaws/aws-java-sdk-sqs/1.11.274/aws-java-sdk-sqs-1.11.274.jar:/home/devsouza/.m2/repository/com/amazonaws/aws-java-sdk-rds/1.11.274/aws-java-sdk-rds-1.11.274.jar:/home/devsouza/.m2/repository/com/amazonaws/aws-java-sdk-redshift/1.11.274/aws-java-sdk-redshift-1.11.274.jar:/home/devsouza/.m2/repository/com/amazonaws/aws-java-sdk-elasticbeanstalk/1.11.274/aws-java-sdk-elasticbeanstalk-1.11.274.jar:/home/devsouza/.m2/repository/com/amazonaws/aws-java-sdk-glacier/1.11.274/aws-java-sdk-glacier-1.11.274.jar:/home/devsouza/.m2/repository/com/amazonaws/aws-java-sdk-iam/1.11.274/aws-java-sdk-iam-1.11.274.jar:/home/devsouza/.m2/repository/com/amazonaws/aws-java-sdk-datapipeline/1.11.274/aws-java-sdk-datapipeline-1.11.274.jar:/home/devsouza/.m2/repository/com/amazonaws/aws-java-sdk-elasticloadbalancing/1.11.274/aws-java-sdk-elasticloadbalancing-1.11.274.jar:/home/devsouza/.m2/repository/com/amazonaws/aws-java-sdk-elasticloadbalancingv2/1.11.274/aws-java-sdk-elasticloadbalancingv2-1.11.274.jar:/home/devsouza/.m2/repository/com/amazonaws/aws-java-sdk-emr/1.11.274/aws-java-sdk-emr-1.11.274.jar:/home/devsouza/.m2/repository/com/amazonaws/aws-java-sdk-elasticache/1.11.274/aws-java-sdk-elasticache-1.11.274.jar:/home/devsouza/.m2/repository/com/amazonaws/aws-java-sdk-elastictranscoder/1.11.274/aws-java-sdk-elastictranscoder-1.11.274.jar:/home/devsouza/.m2/repository/com/amazonaws/aws-java-sdk-ec2/1.11.274/aws-java-sdk-ec2-1.11.274.jar:/home/devsouza/.m2/repository/com/amazonaws/aws-java-sdk-dynamodb/1.11.274/aws-java-sdk-dynamodb-1.11.274.jar:/home/devsouza/.m2/repository/com/amazonaws/aws-java-sdk-sns/1.11.274/aws-java-sdk-sns-1.11.274.jar:/home/devsouza/.m2/repository/com/amazonaws/aws-java-sdk-budgets/1.11.274/aws-java-sdk-budgets-1.11.274.jar:/home/devsouza/.m2/repository/com/amazonaws/aws-java-sdk-cloudtrail/1.11.274/aws-java-sdk-cloudtrail-1.11.274.jar:/home/devsouza/.m2/repository/com/amazonaws/aws-java-sdk-cloudwatch/1.11.274/aws-java-sdk-cloudwatch-1.11.274.jar:/home/devsouza/.m2/repository/com/amazonaws/aws-java-sdk-logs/1.11.274/aws-java-sdk-logs-1.11.274.jar:/home/devsouza/.m2/repository/com/amazonaws/aws-java-sdk-events/1.11.274/aws-java-sdk-events-1.11.274.jar:/home/devsouza/.m2/repository/com/amazonaws/aws-java-sdk-cognitoidentity/1.11.274/aws-java-sdk-cognitoidentity-1.11.274.jar:/home/devsouza/.m2/repository/com/amazonaws/aws-java-sdk-cognitosync/1.11.274/aws-java-sdk-cognitosync-1.11.274.jar:/home/devsouza/.m2/repository/com/amazonaws/aws-java-sdk-directconnect/1.11.274/aws-java-sdk-directconnect-1.11.274.jar:/home/devsouza/.m2/repository/com/amazonaws/aws-java-sdk-cloudformation/1.11.274/aws-java-sdk-cloudformation-1.11.274.jar:/home/devsouza/.m2/repository/com/amazonaws/aws-java-sdk-cloudfront/1.11.274/aws-java-sdk-cloudfront-1.11.274.jar:/home/devsouza/.m2/repository/com/amazonaws/aws-java-sdk-clouddirectory/1.11.274/aws-java-sdk-clouddirectory-1.11.274.jar:/home/devsouza/.m2/repository/com/amazonaws/aws-java-sdk-kinesis/1.11.274/aws-java-sdk-kinesis-1.11.274.jar:/home/devsouza/.m2/repository/com/amazonaws/aws-java-sdk-opsworks/1.11.274/aws-java-sdk-opsworks-1.11.274.jar:/home/devsouza/.m2/repository/com/amazonaws/aws-java-sdk-ses/1.11.274/aws-java-sdk-ses-1.11.274.jar:/home/devsouza/.m2/repository/com/amazonaws/aws-java-sdk-autoscaling/1.11.274/aws-java-sdk-autoscaling-1.11.274.jar:/home/devsouza/.m2/repository/com/amazonaws/aws-java-sdk-cloudsearch/1.11.274/aws-java-sdk-cloudsearch-1.11.274.jar:/home/devsouza/.m2/repository/com/amazonaws/aws-java-sdk-cloudwatchmetrics/1.11.274/aws-java-sdk-cloudwatchmetrics-1.11.274.jar:/home/devsouza/.m2/repository/com/amazonaws/aws-java-sdk-codedeploy/1.11.274/aws-java-sdk-codedeploy-1.11.274.jar:/home/devsouza/.m2/repository/com/amazonaws/aws-java-sdk-codepipeline/1.11.274/aws-java-sdk-codepipeline-1.11.274.jar:/home/devsouza/.m2/repository/com/amazonaws/aws-java-sdk-kms/1.11.274/aws-java-sdk-kms-1.11.274.jar:/home/devsouza/.m2/repository/com/amazonaws/aws-java-sdk-config/1.11.274/aws-java-sdk-config-1.11.274.jar:/home/devsouza/.m2/repository/com/amazonaws/aws-java-sdk-lambda/1.11.274/aws-java-sdk-lambda-1.11.274.jar:/home/devsouza/.m2/repository/com/amazonaws/aws-java-sdk-ecs/1.11.274/aws-java-sdk-ecs-1.11.274.jar:/home/devsouza/.m2/repository/com/amazonaws/aws-java-sdk-ecr/1.11.274/aws-java-sdk-ecr-1.11.274.jar:/home/devsouza/.m2/repository/com/amazonaws/aws-java-sdk-cloudhsm/1.11.274/aws-java-sdk-cloudhsm-1.11.274.jar:/home/devsouza/.m2/repository/com/amazonaws/aws-java-sdk-ssm/1.11.274/aws-java-sdk-ssm-1.11.274.jar:/home/devsouza/.m2/repository/com/amazonaws/aws-java-sdk-workspaces/1.11.274/aws-java-sdk-workspaces-1.11.274.jar:/home/devsouza/.m2/repository/com/amazonaws/aws-java-sdk-machinelearning/1.11.274/aws-java-sdk-machinelearning-1.11.274.jar:/home/devsouza/.m2/repository/com/amazonaws/aws-java-sdk-directory/1.11.274/aws-java-sdk-directory-1.11.274.jar:/home/devsouza/.m2/repository/com/amazonaws/aws-java-sdk-efs/1.11.274/aws-java-sdk-efs-1.11.274.jar:/home/devsouza/.m2/repository/com/amazonaws/aws-java-sdk-codecommit/1.11.274/aws-java-sdk-codecommit-1.11.274.jar:/home/devsouza/.m2/repository/com/amazonaws/aws-java-sdk-devicefarm/1.11.274/aws-java-sdk-devicefarm-1.11.274.jar:/home/devsouza/.m2/repository/com/amazonaws/aws-java-sdk-elasticsearch/1.11.274/aws-java-sdk-elasticsearch-1.11.274.jar:/home/devsouza/.m2/repository/com/amazonaws/aws-java-sdk-waf/1.11.274/aws-java-sdk-waf-1.11.274.jar:/home/devsouza/.m2/repository/com/amazonaws/aws-java-sdk-marketplacecommerceanalytics/1.11.274/aws-java-sdk-marketplacecommerceanalytics-1.11.274.jar:/home/devsouza/.m2/repository/com/amazonaws/aws-java-sdk-inspector/1.11.274/aws-java-sdk-inspector-1.11.274.jar:/home/devsouza/.m2/repository/com/amazonaws/aws-java-sdk-iot/1.11.274/aws-java-sdk-iot-1.11.274.jar:/home/devsouza/.m2/repository/com/amazonaws/aws-java-sdk-api-gateway/1.11.274/aws-java-sdk-api-gateway-1.11.274.jar:/home/devsouza/.m2/repository/com/amazonaws/aws-java-sdk-acm/1.11.274/aws-java-sdk-acm-1.11.274.jar:/home/devsouza/.m2/repository/com/amazonaws/aws-java-sdk-gamelift/1.11.274/aws-java-sdk-gamelift-1.11.274.jar:/home/devsouza/.m2/repository/com/amazonaws/aws-java-sdk-dms/1.11.274/aws-java-sdk-dms-1.11.274.jar:/home/devsouza/.m2/repository/com/amazonaws/aws-java-sdk-marketplacemeteringservice/1.11.274/aws-java-sdk-marketplacemeteringservice-1.11.274.jar:/home/devsouza/.m2/repository/com/amazonaws/aws-java-sdk-cognitoidp/1.11.274/aws-java-sdk-cognitoidp-1.11.274.jar:/home/devsouza/.m2/repository/com/amazonaws/aws-java-sdk-discovery/1.11.274/aws-java-sdk-discovery-1.11.274.jar:/home/devsouza/.m2/repository/com/amazonaws/aws-java-sdk-applicationautoscaling/1.11.274/aws-java-sdk-applicationautoscaling-1.11.274.jar:/home/devsouza/.m2/repository/com/amazonaws/aws-java-sdk-snowball/1.11.274/aws-java-sdk-snowball-1.11.274.jar:/home/devsouza/.m2/repository/com/amazonaws/aws-java-sdk-rekognition/1.11.274/aws-java-sdk-rekognition-1.11.274.jar:/home/devsouza/.m2/repository/com/amazonaws/aws-java-sdk-polly/1.11.274/aws-java-sdk-polly-1.11.274.jar:/home/devsouza/.m2/repository/com/amazonaws/aws-java-sdk-lightsail/1.11.274/aws-java-sdk-lightsail-1.11.274.jar:/home/devsouza/.m2/repository/com/amazonaws/aws-java-sdk-stepfunctions/1.11.274/aws-java-sdk-stepfunctions-1.11.274.jar:/home/devsouza/.m2/repository/com/amazonaws/aws-java-sdk-health/1.11.274/aws-java-sdk-health-1.11.274.jar:/home/devsouza/.m2/repository/com/amazonaws/aws-java-sdk-costandusagereport/1.11.274/aws-java-sdk-costandusagereport-1.11.274.jar:/home/devsouza/.m2/repository/com/amazonaws/aws-java-sdk-codebuild/1.11.274/aws-java-sdk-codebuild-1.11.274.jar:/home/devsouza/.m2/repository/com/amazonaws/aws-java-sdk-appstream/1.11.274/aws-java-sdk-appstream-1.11.274.jar:/home/devsouza/.m2/repository/com/amazonaws/aws-java-sdk-shield/1.11.274/aws-java-sdk-shield-1.11.274.jar:/home/devsouza/.m2/repository/com/amazonaws/aws-java-sdk-batch/1.11.274/aws-java-sdk-batch-1.11.274.jar:/home/devsouza/.m2/repository/com/amazonaws/aws-java-sdk-lex/1.11.274/aws-java-sdk-lex-1.11.274.jar:/home/devsouza/.m2/repository/com/amazonaws/aws-java-sdk-mechanicalturkrequester/1.11.274/aws-java-sdk-mechanicalturkrequester-1.11.274.jar:/home/devsouza/.m2/repository/com/amazonaws/aws-java-sdk-organizations/1.11.274/aws-java-sdk-organizations-1.11.274.jar:/home/devsouza/.m2/repository/com/amazonaws/aws-java-sdk-workdocs/1.11.274/aws-java-sdk-workdocs-1.11.274.jar:/home/devsouza/.m2/repository/com/amazonaws/aws-java-sdk-core/1.11.274/aws-java-sdk-core-1.11.274.jar:/home/devsouza/.m2/repository/org/apache/httpcomponents/httpclient/4.5.5/httpclient-4.5.5.jar:/home/devsouza/.m2/repository/org/apache/httpcomponents/httpcore/4.4.9/httpcore-4.4.9.jar:/home/devsouza/.m2/repository/software/amazon/ion/ion-java/1.0.2/ion-java-1.0.2.jar:/home/devsouza/.m2/repository/com/fasterxml/jackson/dataformat/jackson-dataformat-cbor/2.9.5/jackson-dataformat-cbor-2.9.5.jar:/home/devsouza/.m2/repository/com/amazonaws/aws-java-sdk-models/1.11.274/aws-java-sdk-models-1.11.274.jar:/home/devsouza/.m2/repository/com/amazonaws/aws-java-sdk-swf-libraries/1.11.22/aws-java-sdk-swf-libraries-1.11.22.jar:, java.vm.vendor=Ubuntu, sun.arch.data.model=64, java.vendor.url=https://ubuntu.com/, user.timezone=America/Sao_Paulo, os.name=Linux, java.vm.specification.version=11, sun.java.launcher=SUN_STANDARD, user.country=BR, sun.boot.library.path=/usr/lib/jvm/java-11-openjdk-amd64/lib, sun.java.command=/home/devsouza/Downloads/25.03-modificacoes-para-o-spring-security-5/target/surefire/surefirebooter10931819110477432991.jar /home/devsouza/Downloads/25.03-modificacoes-para-o-spring-security-5/target/surefire 2021-02-15T15-43-53_527-jvmRun1 surefire4231559415442712084tmp surefire_015612044795601253184tmp, jdk.debug=release, surefire.test.class.path=/home/devsouza/Downloads/25.03-modificacoes-para-o-spring-security-5/target/test-classes:/home/devsouza/Downloads/25.03-modificacoes-para-o-spring-security-5/target/classes:/home/devsouza/.m2/repository/org/springframework/boot/spring-boot-starter-data-jpa/2.0.2.RELEASE/spring-boot-starter-data-jpa-2.0.2.RELEASE.jar:/home/devsouza/.m2/repository/org/springframework/boot/spring-boot-starter/2.0.2.RELEASE/spring-boot-starter-2.0.2.RELEASE.jar:/home/devsouza/.m2/repository/org/springframework/boot/spring-boot-starter-logging/2.0.2.RELEASE/spring-boot-starter-logging-2.0.2.RELEASE.jar:/home/devsouza/.m2/repository/ch/qos/logback/logback-classic/1.2.3/logback-classic-1.2.3.jar:/home/devsouza/.m2/repository/ch/qos/logback/logback-core/1.2.3/logback-core-1.2.3.jar:/home/devsouza/.m2/repository/org/apache/logging/log4j/log4j-to-slf4j/2.10.0/log4j-to-slf4j-2.10.0.jar:/home/devsouza/.m2/repository/org/apache/logging/log4j/log4j-api/2.10.0/log4j-api-2.10.0.jar:/home/devsouza/.m2/repository/org/slf4j/jul-to-slf4j/1.7.25/jul-to-slf4j-1.7.25.jar:/home/devsouza/.m2/repository/javax/annotation/javax.annotation-api/1.3.2/javax.annotation-api-1.3.2.jar:/home/devsouza/.m2/repository/org/yaml/snakeyaml/1.19/snakeyaml-1.19.jar:/home/devsouza/.m2/repository/org/springframework/boot/spring-boot-starter-aop/2.0.2.RELEASE/spring-boot-starter-aop-2.0.2.RELEASE.jar:/home/devsouza/.m2/repository/org/aspectj/aspectjweaver/1.8.13/aspectjweaver-1.8.13.jar:/home/devsouza/.m2/repository/org/springframework/boot/spring-boot-starter-jdbc/2.0.2.RELEASE/spring-boot-starter-jdbc-2.0.2.RELEASE.jar:/home/devsouza/.m2/repository/com/zaxxer/HikariCP/2.7.9/HikariCP-2.7.9.jar:/home/devsouza/.m2/repository/org/springframework/spring-jdbc/5.0.6.RELEASE/spring-jdbc-5.0.6.RELEASE.jar:/home/devsouza/.m2/repository/org/hibernate/hibernate-core/5.2.17.Final/hibernate-core-5.2.17.Final.jar:/home/devsouza/.m2/repository/org/hibernate/javax/persistence/hibernate-jpa-2.1-api/1.0.0.Final/hibernate-jpa-2.1-api-1.0.0.Final.jar:/home/devsouza/.m2/repository/org/javassist/javassist/3.22.0-GA/javassist-3.22.0-GA.jar:/home/devsouza/.m2/repository/antlr/antlr/2.7.7/antlr-2.7.7.jar:/home/devsouza/.m2/repository/org/jboss/jandex/2.0.3.Final/jandex-2.0.3.Final.jar:/home/devsouza/.m2/repository/com/fasterxml/classmate/1.3.4/classmate-1.3.4.jar:/home/devsouza/.m2/repository/dom4j/dom4j/1.6.1/dom4j-1.6.1.jar:/home/devsouza/.m2/repository/org/hibernate/common/hibernate-commons-annotations/5.0.1.Final/hibernate-commons-annotations-5.0.1.Final.jar:/home/devsouza/.m2/repository/javax/transaction/javax.transaction-api/1.2/javax.transaction-api-1.2.jar:/home/devsouza/.m2/repository/org/springframework/data/spring-data-jpa/2.0.7.RELEASE/spring-data-jpa-2.0.7.RELEASE.jar:/home/devsouza/.m2/repository/org/springframework/data/spring-data-commons/2.0.7.RELEASE/spring-data-commons-2.0.7.RELEASE.jar:/home/devsouza/.m2/repository/org/springframework/spring-orm/5.0.6.RELEASE/spring-orm-5.0.6.RELEASE.jar:/home/devsouza/.m2/repository/org/springframework/spring-tx/5.0.6.RELEASE/spring-tx-5.0.6.RELEASE.jar:/home/devsouza/.m2/repository/org/springframework/spring-aspects/5.0.6.RELEASE/spring-aspects-5.0.6.RELEASE.jar:/home/devsouza/.m2/repository/org/springframework/boot/spring-boot-starter-web/2.0.2.RELEASE/spring-boot-starter-web-2.0.2.RELEASE.jar:/home/devsouza/.m2/repository/org/springframework/boot/spring-boot-starter-json/2.0.2.RELEASE/spring-boot-starter-json-2.0.2.RELEASE.jar:/home/devsouza/.m2/repository/com/fasterxml/jackson/datatype/jackson-datatype-jdk8/2.9.5/jackson-datatype-jdk8-2.9.5.jar:/home/devsouza/.m2/repository/com/fasterxml/jackson/module/jackson-module-parameter-names/2.9.5/jackson-module-parameter-names-2.9.5.jar:/home/devsouza/.m2/repository/org/springframework/boot/spring-boot-starter-tomcat/2.0.2.RELEASE/spring-boot-starter-tomcat-2.0.2.RELEASE.jar:/home/devsouza/.m2/repository/org/apache/tomcat/embed/tomcat-embed-core/8.5.31/tomcat-embed-core-8.5.31.jar:/home/devsouza/.m2/repository/org/apache/tomcat/embed/tomcat-embed-el/8.5.31/tomcat-embed-el-8.5.31.jar:/home/devsouza/.m2/repository/org/apache/tomcat/embed/tomcat-embed-websocket/8.5.31/tomcat-embed-websocket-8.5.31.jar:/home/devsouza/.m2/repository/org/hibernate/validator/hibernate-validator/6.0.9.Final/hibernate-validator-6.0.9.Final.jar:/home/devsouza/.m2/repository/javax/validation/validation-api/2.0.1.Final/validation-api-2.0.1.Final.jar:/home/devsouza/.m2/repository/org/springframework/spring-web/5.0.6.RELEASE/spring-web-5.0.6.RELEASE.jar:/home/devsouza/.m2/repository/org/springframework/spring-webmvc/5.0.6.RELEASE/spring-webmvc-5.0.6.RELEASE.jar:/home/devsouza/.m2/repository/org/springframework/spring-expression/5.0.6.RELEASE/spring-expression-5.0.6.RELEASE.jar:/home/devsouza/.m2/repository/org/springframework/boot/spring-boot-starter-mail/2.0.2.RELEASE/spring-boot-starter-mail-2.0.2.RELEASE.jar:/home/devsouza/.m2/repository/org/springframework/spring-context/5.0.6.RELEASE/spring-context-5.0.6.RELEASE.jar:/home/devsouza/.m2/repository/org/springframework/spring-context-support/5.0.6.RELEASE/spring-context-support-5.0.6.RELEASE.jar:/home/devsouza/.m2/repository/com/sun/mail/javax.mail/1.6.1/javax.mail-1.6.1.jar:/home/devsouza/.m2/repository/javax/activation/activation/1.1/activation-1.1.jar:/home/devsouza/.m2/repository/org/springframework/boot/spring-boot-devtools/2.0.2.RELEASE/spring-boot-devtools-2.0.2.RELEASE.jar:/home/devsouza/.m2/repository/org/springframework/boot/spring-boot/2.0.2.RELEASE/spring-boot-2.0.2.RELEASE.jar:/home/devsouza/.m2/repository/org/springframework/boot/spring-boot-autoconfigure/2.0.2.RELEASE/spring-boot-autoconfigure-2.0.2.RELEASE.jar:/home/devsouza/.m2/repository/org/springframework/boot/spring-boot-starter-test/2.0.2.RELEASE/spring-boot-starter-test-2.0.2.RELEASE.jar:/home/devsouza/.m2/repository/org/springframework/boot/spring-boot-test/2.0.2.RELEASE/spring-boot-test-2.0.2.RELEASE.jar:/home/devsouza/.m2/repository/org/springframework/boot/spring-boot-test-autoconfigure/2.0.2.RELEASE/spring-boot-test-autoconfigure-2.0.2.RELEASE.jar:/home/devsouza/.m2/repository/com/jayway/jsonpath/json-path/2.4.0/json-path-2.4.0.jar:/home/devsouza/.m2/repository/net/minidev/json-smart/2.3/json-smart-2.3.jar:/home/devsouza/.m2/repository/net/minidev/accessors-smart/1.2/accessors-smart-1.2.jar:/home/devsouza/.m2/repository/org/ow2/asm/asm/5.0.4/asm-5.0.4.jar:/home/devsouza/.m2/repository/junit/junit/4.12/junit-4.12.jar:/home/devsouza/.m2/repository/org/assertj/assertj-core/3.9.1/assertj-core-3.9.1.jar:/home/devsouza/.m2/repository/org/mockito/mockito-core/2.15.0/mockito-core-2.15.0.jar:/home/devsouza/.m2/repository/net/bytebuddy/byte-buddy/1.7.11/byte-buddy-1.7.11.jar:/home/devsouza/.m2/repository/net/bytebuddy/byte-buddy-agent/1.7.11/byte-buddy-agent-1.7.11.jar:/home/devsouza/.m2/repository/org/objenesis/objenesis/2.6/objenesis-2.6.jar:/home/devsouza/.m2/repository/org/hamcrest/hamcrest-core/1.3/hamcrest-core-1.3.jar:/home/devsouza/.m2/repository/org/hamcrest/hamcrest-library/1.3/hamcrest-library-1.3.jar:/home/devsouza/.m2/repository/org/skyscreamer/jsonassert/1.5.0/jsonassert-1.5.0.jar:/home/devsouza/.m2/repository/com/vaadin/external/google/android-json/0.0.20131108.vaadin1/android-json-0.0.20131108.vaadin1.jar:/home/devsouza/.m2/repository/org/springframework/spring-core/5.0.6.RELEASE/spring-core-5.0.6.RELEASE.jar:/home/devsouza/.m2/repository/org/springframework/spring-jcl/5.0.6.RELEASE/spring-jcl-5.0.6.RELEASE.jar:/home/devsouza/.m2/repository/org/springframework/spring-test/5.0.6.RELEASE/spring-test-5.0.6.RELEASE.jar:/home/devsouza/.m2/repository/org/xmlunit/xmlunit-core/2.5.1/xmlunit-core-2.5.1.jar:/home/devsouza/.m2/repository/org/springframework/boot/spring-boot-starter-thymeleaf/2.0.2.RELEASE/spring-boot-starter-thymeleaf-2.0.2.RELEASE.jar:/home/devsouza/.m2/repository/org/thymeleaf/thymeleaf-spring5/3.0.9.RELEASE/thymeleaf-spring5-3.0.9.RELEASE.jar:/home/devsouza/.m2/repository/org/thymeleaf/extras/thymeleaf-extras-java8time/3.0.1.RELEASE/thymeleaf-extras-java8time-3.0.1.RELEASE.jar:/home/devsouza/.m2/repository/org/thymeleaf/thymeleaf/3.0.9.RELEASE/thymeleaf-3.0.9.RELEASE.jar:/home/devsouza/.m2/repository/ognl/ognl/3.1.12/ognl-3.1.12.jar:/home/devsouza/.m2/repository/org/attoparser/attoparser/2.0.4.RELEASE/attoparser-2.0.4.RELEASE.jar:/home/devsouza/.m2/repository/org/unbescape/unbescape/1.1.5.RELEASE/unbescape-1.1.5.RELEASE.jar:/home/devsouza/.m2/repository/org/slf4j/slf4j-api/1.7.25/slf4j-api-1.7.25.jar:/home/devsouza/.m2/repository/mysql/mysql-connector-java/5.1.46/mysql-connector-java-5.1.46.jar:/home/devsouza/.m2/repository/org/flywaydb/flyway-core/5.0.7/flyway-core-5.0.7.jar:/home/devsouza/.m2/repository/org/hibernate/hibernate-java8/5.2.17.Final/hibernate-java8-5.2.17.Final.jar:/home/devsouza/.m2/repository/org/jboss/logging/jboss-logging/3.3.2.Final/jboss-logging-3.3.2.Final.jar:/home/devsouza/.m2/repository/com/fasterxml/jackson/datatype/jackson-datatype-jsr310/2.9.5/jackson-datatype-jsr310-2.9.5.jar:/home/devsouza/.m2/repository/com/fasterxml/jackson/core/jackson-annotations/2.9.0/jackson-annotations-2.9.0.jar:/home/devsouza/.m2/repository/com/fasterxml/jackson/core/jackson-core/2.9.5/jackson-core-2.9.5.jar:/home/devsouza/.m2/repository/com/fasterxml/jackson/core/jackson-databind/2.9.5/jackson-databind-2.9.5.jar:/home/devsouza/.m2/repository/org/apache/commons/commons-lang3/3.4/commons-lang3-3.4.jar:/home/devsouza/.m2/repository/org/springframework/boot/spring-boot-starter-security/2.0.2.RELEASE/spring-boot-starter-security-2.0.2.RELEASE.jar:/home/devsouza/.m2/repository/org/springframework/spring-aop/5.0.6.RELEASE/spring-aop-5.0.6.RELEASE.jar:/home/devsouza/.m2/repository/org/springframework/security/spring-security-config/5.0.5.RELEASE/spring-security-config-5.0.5.RELEASE.jar:/home/devsouza/.m2/repository/org/springframework/security/spring-security-web/5.0.5.RELEASE/spring-security-web-5.0.5.RELEASE.jar:/home/devsouza/.m2/repository/org/springframework/security/oauth/spring-security-oauth2/2.2.1.RELEASE/spring-security-oauth2-2.2.1.RELEASE.jar:/home/devsouza/.m2/repository/org/springframework/spring-beans/5.0.6.RELEASE/spring-beans-5.0.6.RELEASE.jar:/home/devsouza/.m2/repository/org/springframework/security/spring-security-core/5.0.5.RELEASE/spring-security-core-5.0.5.RELEASE.jar:/home/devsouza/.m2/repository/commons-codec/commons-codec/1.11/commons-codec-1.11.jar:/home/devsouza/.m2/repository/org/codehaus/jackson/jackson-mapper-asl/1.9.13/jackson-mapper-asl-1.9.13.jar:/home/devsouza/.m2/repository/org/codehaus/jackson/jackson-core-asl/1.9.13/jackson-core-asl-1.9.13.jar:/home/devsouza/.m2/repository/org/springframework/security/spring-security-jwt/1.0.9.RELEASE/spring-security-jwt-1.0.9.RELEASE.jar:/home/devsouza/.m2/repository/org/bouncycastle/bcpkix-jdk15on/1.56/bcpkix-jdk15on-1.56.jar:/home/devsouza/.m2/repository/org/bouncycastle/bcprov-jdk15on/1.56/bcprov-jdk15on-1.56.jar:/home/devsouza/.m2/repository/org/springframework/boot/spring-boot-configuration-processor/2.0.2.RELEASE/spring-boot-configuration-processor-2.0.2.RELEASE.jar:/home/devsouza/.m2/repository/net/sf/jasperreports/jasperreports/6.5.1/jasperreports-6.5.1.jar:/home/devsouza/.m2/repository/commons-beanutils/commons-beanutils/1.9.3/commons-beanutils-1.9.3.jar:/home/devsouza/.m2/repository/commons-collections/commons-collections/3.2.2/commons-collections-3.2.2.jar:/home/devsouza/.m2/repository/commons-digester/commons-digester/2.1/commons-digester-2.1.jar:/home/devsouza/.m2/repository/commons-logging/commons-logging/1.1.1/commons-logging-1.1.1.jar:/home/devsouza/.m2/repository/com/lowagie/itext/2.1.7.js6/itext-2.1.7.js6.jar:/home/devsouza/.m2/repository/org/jfree/jcommon/1.0.23/jcommon-1.0.23.jar:/home/devsouza/.m2/repository/org/jfree/jfreechart/1.0.19/jfreechart-1.0.19.jar:/home/devsouza/.m2/repository/org/eclipse/jdt/core/compiler/ecj/4.4.2/ecj-4.4.2.jar:/home/devsouza/.m2/repository/org/codehaus/castor/castor-xml/1.3.3/castor-xml-1.3.3.jar:/home/devsouza/.m2/repository/org/codehaus/castor/castor-core/1.3.3/castor-core-1.3.3.jar:/home/devsouza/.m2/repository/commons-lang/commons-lang/2.6/commons-lang-2.6.jar:/home/devsouza/.m2/repository/javax/inject/javax.inject/1/javax.inject-1.jar:/home/devsouza/.m2/repository/stax/stax/1.2.0/stax-1.2.0.jar:/home/devsouza/.m2/repository/stax/stax-api/1.0.1/stax-api-1.0.1.jar:/home/devsouza/.m2/repository/javax/xml/stream/stax-api/1.0-2/stax-api-1.0-2.jar:/home/devsouza/.m2/repository/org/apache/lucene/lucene-core/4.5.1/lucene-core-4.5.1.jar:/home/devsouza/.m2/repository/org/apache/lucene/lucene-analyzers-common/4.5.1/lucene-analyzers-common-4.5.1.jar:/home/devsouza/.m2/repository/org/apache/lucene/lucene-queryparser/4.5.1/lucene-queryparser-4.5.1.jar:/home/devsouza/.m2/repository/org/apache/lucene/lucene-queries/4.5.1/lucene-queries-4.5.1.jar:/home/devsouza/.m2/repository/org/apache/lucene/lucene-sandbox/4.5.1/lucene-sandbox-4.5.1.jar:/home/devsouza/.m2/repository/jakarta-regexp/jakarta-regexp/1.4/jakarta-regexp-1.4.jar:/home/devsouza/.m2/repository/org/olap4j/olap4j/0.9.7.309-JS-3/olap4j-0.9.7.309-JS-3.jar:/home/devsouza/.m2/repository/com/google/zxing/core/3.2.1/core-3.2.1.jar:/home/devsouza/.m2/repository/com/ibm/icu/icu4j/57.1/icu4j-57.1.jar:/home/devsouza/.m2/repository/net/sf/jasperreports/jasperreports-functions/6.5.1/jasperreports-functions-6.5.1.jar:/home/devsouza/.m2/repository/joda-time/joda-time/2.9.9/joda-time-2.9.9.jar:/home/devsouza/.m2/repository/net/sf/jasperreports/jasperreports-fonts/6.0.0/jasperreports-fonts-6.0.0.jar:/home/devsouza/.m2/repository/com/amazonaws/aws-java-sdk/1.11.274/aws-java-sdk-1.11.274.jar:/home/devsouza/.m2/repository/com/amazonaws/aws-java-sdk-transcribe/1.11.274/aws-java-sdk-transcribe-1.11.274.jar:/home/devsouza/.m2/repository/com/amazonaws/jmespath-java/1.11.274/jmespath-java-1.11.274.jar:/home/devsouza/.m2/repository/com/amazonaws/aws-java-sdk-autoscalingplans/1.11.274/aws-java-sdk-autoscalingplans-1.11.274.jar:/home/devsouza/.m2/repository/com/amazonaws/aws-java-sdk-workmail/1.11.274/aws-java-sdk-workmail-1.11.274.jar:/home/devsouza/.m2/repository/com/amazonaws/aws-java-sdk-servicediscovery/1.11.274/aws-java-sdk-servicediscovery-1.11.274.jar:/home/devsouza/.m2/repository/com/amazonaws/aws-java-sdk-cloud9/1.11.274/aws-java-sdk-cloud9-1.11.274.jar:/home/devsouza/.m2/repository/com/amazonaws/aws-java-sdk-serverlessapplicationrepository/1.11.274/aws-java-sdk-serverlessapplicationrepository-1.11.274.jar:/home/devsouza/.m2/repository/com/amazonaws/aws-java-sdk-alexaforbusiness/1.11.274/aws-java-sdk-alexaforbusiness-1.11.274.jar:/home/devsouza/.m2/repository/com/amazonaws/aws-java-sdk-resourcegroups/1.11.274/aws-java-sdk-resourcegroups-1.11.274.jar:/home/devsouza/.m2/repository/com/amazonaws/aws-java-sdk-comprehend/1.11.274/aws-java-sdk-comprehend-1.11.274.jar:/home/devsouza/.m2/repository/com/amazonaws/aws-java-sdk-translate/1.11.274/aws-java-sdk-translate-1.11.274.jar:/home/devsouza/.m2/repository/com/amazonaws/aws-java-sdk-sagemaker/1.11.274/aws-java-sdk-sagemaker-1.11.274.jar:/home/devsouza/.m2/repository/com/amazonaws/aws-java-sdk-iotjobsdataplane/1.11.274/aws-java-sdk-iotjobsdataplane-1.11.274.jar:/home/devsouza/.m2/repository/com/amazonaws/aws-java-sdk-sagemakerruntime/1.11.274/aws-java-sdk-sagemakerruntime-1.11.274.jar:/home/devsouza/.m2/repository/com/amazonaws/aws-java-sdk-kinesisvideo/1.11.274/aws-java-sdk-kinesisvideo-1.11.274.jar:/home/devsouza/.m2/repository/io/netty/netty-codec-http/4.1.24.Final/netty-codec-http-4.1.24.Final.jar:/home/devsouza/.m2/repository/io/netty/netty-codec/4.1.24.Final/netty-codec-4.1.24.Final.jar:/home/devsouza/.m2/repository/io/netty/netty-handler/4.1.24.Final/netty-handler-4.1.24.Final.jar:/home/devsouza/.m2/repository/io/netty/netty-buffer/4.1.24.Final/netty-buffer-4.1.24.Final.jar:/home/devsouza/.m2/repository/io/netty/netty-common/4.1.24.Final/netty-common-4.1.24.Final.jar:/home/devsouza/.m2/repository/io/netty/netty-transport/4.1.24.Final/netty-transport-4.1.24.Final.jar:/home/devsouza/.m2/repository/io/netty/netty-resolver/4.1.24.Final/netty-resolver-4.1.24.Final.jar:/home/devsouza/.m2/repository/com/amazonaws/aws-java-sdk-appsync/1.11.274/aws-java-sdk-appsync-1.11.274.jar:/home/devsouza/.m2/repository/com/amazonaws/aws-java-sdk-guardduty/1.11.274/aws-java-sdk-guardduty-1.11.274.jar:/home/devsouza/.m2/repository/com/amazonaws/aws-java-sdk-mq/1.11.274/aws-java-sdk-mq-1.11.274.jar:/home/devsouza/.m2/repository/com/amazonaws/aws-java-sdk-mediaconvert/1.11.274/aws-java-sdk-mediaconvert-1.11.274.jar:/home/devsouza/.m2/repository/com/amazonaws/aws-java-sdk-mediastore/1.11.274/aws-java-sdk-mediastore-1.11.274.jar:/home/devsouza/.m2/repository/com/amazonaws/aws-java-sdk-mediastoredata/1.11.274/aws-java-sdk-mediastoredata-1.11.274.jar:/home/devsouza/.m2/repository/com/amazonaws/aws-java-sdk-medialive/1.11.274/aws-java-sdk-medialive-1.11.274.jar:/home/devsouza/.m2/repository/com/amazonaws/aws-java-sdk-mediapackage/1.11.274/aws-java-sdk-mediapackage-1.11.274.jar:/home/devsouza/.m2/repository/com/amazonaws/aws-java-sdk-costexplorer/1.11.274/aws-java-sdk-costexplorer-1.11.274.jar:/home/devsouza/.m2/repository/com/amazonaws/aws-java-sdk-pricing/1.11.274/aws-java-sdk-pricing-1.11.274.jar:/home/devsouza/.m2/repository/com/amazonaws/aws-java-sdk-mobile/1.11.274/aws-java-sdk-mobile-1.11.274.jar:/home/devsouza/.m2/repository/com/amazonaws/aws-java-sdk-cloudhsmv2/1.11.274/aws-java-sdk-cloudhsmv2-1.11.274.jar:/home/devsouza/.m2/repository/com/amazonaws/aws-java-sdk-glue/1.11.274/aws-java-sdk-glue-1.11.274.jar:/home/devsouza/.m2/repository/com/amazonaws/aws-java-sdk-migrationhub/1.11.274/aws-java-sdk-migrationhub-1.11.274.jar:/home/devsouza/.m2/repository/com/amazonaws/aws-java-sdk-dax/1.11.274/aws-java-sdk-dax-1.11.274.jar:/home/devsouza/.m2/repository/com/amazonaws/aws-java-sdk-greengrass/1.11.274/aws-java-sdk-greengrass-1.11.274.jar:/home/devsouza/.m2/repository/com/amazonaws/aws-java-sdk-athena/1.11.274/aws-java-sdk-athena-1.11.274.jar:/home/devsouza/.m2/repository/com/amazonaws/aws-java-sdk-marketplaceentitlement/1.11.274/aws-java-sdk-marketplaceentitlement-1.11.274.jar:/home/devsouza/.m2/repository/com/amazonaws/aws-java-sdk-codestar/1.11.274/aws-java-sdk-codestar-1.11.274.jar:/home/devsouza/.m2/repository/com/amazonaws/aws-java-sdk-lexmodelbuilding/1.11.274/aws-java-sdk-lexmodelbuilding-1.11.274.jar:/home/devsouza/.m2/repository/com/amazonaws/aws-java-sdk-resourcegroupstaggingapi/1.11.274/aws-java-sdk-resourcegroupstaggingapi-1.11.274.jar:/home/devsouza/.m2/repository/com/amazonaws/aws-java-sdk-pinpoint/1.11.274/aws-java-sdk-pinpoint-1.11.274.jar:/home/devsouza/.m2/repository/com/amazonaws/aws-java-sdk-xray/1.11.274/aws-java-sdk-xray-1.11.274.jar:/home/devsouza/.m2/repository/com/amazonaws/aws-java-sdk-opsworkscm/1.11.274/aws-java-sdk-opsworkscm-1.11.274.jar:/home/devsouza/.m2/repository/com/amazonaws/aws-java-sdk-support/1.11.274/aws-java-sdk-support-1.11.274.jar:/home/devsouza/.m2/repository/com/amazonaws/aws-java-sdk-simpledb/1.11.274/aws-java-sdk-simpledb-1.11.274.jar:/home/devsouza/.m2/repository/com/amazonaws/aws-java-sdk-servicecatalog/1.11.274/aws-java-sdk-servicecatalog-1.11.274.jar:/home/devsouza/.m2/repository/com/amazonaws/aws-java-sdk-servermigration/1.11.274/aws-java-sdk-servermigration-1.11.274.jar:/home/devsouza/.m2/repository/com/amazonaws/aws-java-sdk-simpleworkflow/1.11.274/aws-java-sdk-simpleworkflow-1.11.274.jar:/home/devsouza/.m2/repository/com/amazonaws/aws-java-sdk-storagegateway/1.11.274/aws-java-sdk-storagegateway-1.11.274.jar:/home/devsouza/.m2/repository/com/amazonaws/aws-java-sdk-route53/1.11.274/aws-java-sdk-route53-1.11.274.jar:/home/devsouza/.m2/repository/com/amazonaws/aws-java-sdk-s3/1.11.274/aws-java-sdk-s3-1.11.274.jar:/home/devsouza/.m2/repository/com/amazonaws/aws-java-sdk-importexport/1.11.274/aws-java-sdk-importexport-1.11.274.jar:/home/devsouza/.m2/repository/com/amazonaws/aws-java-sdk-sts/1.11.274/aws-java-sdk-sts-1.11.274.jar:/home/devsouza/.m2/repository/com/amazonaws/aws-java-sdk-sqs/1.11.274/aws-java-sdk-sqs-1.11.274.jar:/home/devsouza/.m2/repository/com/amazonaws/aws-java-sdk-rds/1.11.274/aws-java-sdk-rds-1.11.274.jar:/home/devsouza/.m2/repository/com/amazonaws/aws-java-sdk-redshift/1.11.274/aws-java-sdk-redshift-1.11.274.jar:/home/devsouza/.m2/repository/com/amazonaws/aws-java-sdk-elasticbeanstalk/1.11.274/aws-java-sdk-elasticbeanstalk-1.11.274.jar:/home/devsouza/.m2/repository/com/amazonaws/aws-java-sdk-glacier/1.11.274/aws-java-sdk-glacier-1.11.274.jar:/home/devsouza/.m2/repository/com/amazonaws/aws-java-sdk-iam/1.11.274/aws-java-sdk-iam-1.11.274.jar:/home/devsouza/.m2/repository/com/amazonaws/aws-java-sdk-datapipeline/1.11.274/aws-java-sdk-datapipeline-1.11.274.jar:/home/devsouza/.m2/repository/com/amazonaws/aws-java-sdk-elasticloadbalancing/1.11.274/aws-java-sdk-elasticloadbalancing-1.11.274.jar:/home/devsouza/.m2/repository/com/amazonaws/aws-java-sdk-elasticloadbalancingv2/1.11.274/aws-java-sdk-elasticloadbalancingv2-1.11.274.jar:/home/devsouza/.m2/repository/com/amazonaws/aws-java-sdk-emr/1.11.274/aws-java-sdk-emr-1.11.274.jar:/home/devsouza/.m2/repository/com/amazonaws/aws-java-sdk-elasticache/1.11.274/aws-java-sdk-elasticache-1.11.274.jar:/home/devsouza/.m2/repository/com/amazonaws/aws-java-sdk-elastictranscoder/1.11.274/aws-java-sdk-elastictranscoder-1.11.274.jar:/home/devsouza/.m2/repository/com/amazonaws/aws-java-sdk-ec2/1.11.274/aws-java-sdk-ec2-1.11.274.jar:/home/devsouza/.m2/repository/com/amazonaws/aws-java-sdk-dynamodb/1.11.274/aws-java-sdk-dynamodb-1.11.274.jar:/home/devsouza/.m2/repository/com/amazonaws/aws-java-sdk-sns/1.11.274/aws-java-sdk-sns-1.11.274.jar:/home/devsouza/.m2/repository/com/amazonaws/aws-java-sdk-budgets/1.11.274/aws-java-sdk-budgets-1.11.274.jar:/home/devsouza/.m2/repository/com/amazonaws/aws-java-sdk-cloudtrail/1.11.274/aws-java-sdk-cloudtrail-1.11.274.jar:/home/devsouza/.m2/repository/com/amazonaws/aws-java-sdk-cloudwatch/1.11.274/aws-java-sdk-cloudwatch-1.11.274.jar:/home/devsouza/.m2/repository/com/amazonaws/aws-java-sdk-logs/1.11.274/aws-java-sdk-logs-1.11.274.jar:/home/devsouza/.m2/repository/com/amazonaws/aws-java-sdk-events/1.11.274/aws-java-sdk-events-1.11.274.jar:/home/devsouza/.m2/repository/com/amazonaws/aws-java-sdk-cognitoidentity/1.11.274/aws-java-sdk-cognitoidentity-1.11.274.jar:/home/devsouza/.m2/repository/com/amazonaws/aws-java-sdk-cognitosync/1.11.274/aws-java-sdk-cognitosync-1.11.274.jar:/home/devsouza/.m2/repository/com/amazonaws/aws-java-sdk-directconnect/1.11.274/aws-java-sdk-directconnect-1.11.274.jar:/home/devsouza/.m2/repository/com/amazonaws/aws-java-sdk-cloudformation/1.11.274/aws-java-sdk-cloudformation-1.11.274.jar:/home/devsouza/.m2/repository/com/amazonaws/aws-java-sdk-cloudfront/1.11.274/aws-java-sdk-cloudfront-1.11.274.jar:/home/devsouza/.m2/repository/com/amazonaws/aws-java-sdk-clouddirectory/1.11.274/aws-java-sdk-clouddirectory-1.11.274.jar:/home/devsouza/.m2/repository/com/amazonaws/aws-java-sdk-kinesis/1.11.274/aws-java-sdk-kinesis-1.11.274.jar:/home/devsouza/.m2/repository/com/amazonaws/aws-java-sdk-opsworks/1.11.274/aws-java-sdk-opsworks-1.11.274.jar:/home/devsouza/.m2/repository/com/amazonaws/aws-java-sdk-ses/1.11.274/aws-java-sdk-ses-1.11.274.jar:/home/devsouza/.m2/repository/com/amazonaws/aws-java-sdk-autoscaling/1.11.274/aws-java-sdk-autoscaling-1.11.274.jar:/home/devsouza/.m2/repository/com/amazonaws/aws-java-sdk-cloudsearch/1.11.274/aws-java-sdk-cloudsearch-1.11.274.jar:/home/devsouza/.m2/repository/com/amazonaws/aws-java-sdk-cloudwatchmetrics/1.11.274/aws-java-sdk-cloudwatchmetrics-1.11.274.jar:/home/devsouza/.m2/repository/com/amazonaws/aws-java-sdk-codedeploy/1.11.274/aws-java-sdk-codedeploy-1.11.274.jar:/home/devsouza/.m2/repository/com/amazonaws/aws-java-sdk-codepipeline/1.11.274/aws-java-sdk-codepipeline-1.11.274.jar:/home/devsouza/.m2/repository/com/amazonaws/aws-java-sdk-kms/1.11.274/aws-java-sdk-kms-1.11.274.jar:/home/devsouza/.m2/repository/com/amazonaws/aws-java-sdk-config/1.11.274/aws-java-sdk-config-1.11.274.jar:/home/devsouza/.m2/repository/com/amazonaws/aws-java-sdk-lambda/1.11.274/aws-java-sdk-lambda-1.11.274.jar:/home/devsouza/.m2/repository/com/amazonaws/aws-java-sdk-ecs/1.11.274/aws-java-sdk-ecs-1.11.274.jar:/home/devsouza/.m2/repository/com/amazonaws/aws-java-sdk-ecr/1.11.274/aws-java-sdk-ecr-1.11.274.jar:/home/devsouza/.m2/repository/com/amazonaws/aws-java-sdk-cloudhsm/1.11.274/aws-java-sdk-cloudhsm-1.11.274.jar:/home/devsouza/.m2/repository/com/amazonaws/aws-java-sdk-ssm/1.11.274/aws-java-sdk-ssm-1.11.274.jar:/home/devsouza/.m2/repository/com/amazonaws/aws-java-sdk-workspaces/1.11.274/aws-java-sdk-workspaces-1.11.274.jar:/home/devsouza/.m2/repository/com/amazonaws/aws-java-sdk-machinelearning/1.11.274/aws-java-sdk-machinelearning-1.11.274.jar:/home/devsouza/.m2/repository/com/amazonaws/aws-java-sdk-directory/1.11.274/aws-java-sdk-directory-1.11.274.jar:/home/devsouza/.m2/repository/com/amazonaws/aws-java-sdk-efs/1.11.274/aws-java-sdk-efs-1.11.274.jar:/home/devsouza/.m2/repository/com/amazonaws/aws-java-sdk-codecommit/1.11.274/aws-java-sdk-codecommit-1.11.274.jar:/home/devsouza/.m2/repository/com/amazonaws/aws-java-sdk-devicefarm/1.11.274/aws-java-sdk-devicefarm-1.11.274.jar:/home/devsouza/.m2/repository/com/amazonaws/aws-java-sdk-elasticsearch/1.11.274/aws-java-sdk-elasticsearch-1.11.274.jar:/home/devsouza/.m2/repository/com/amazonaws/aws-java-sdk-waf/1.11.274/aws-java-sdk-waf-1.11.274.jar:/home/devsouza/.m2/repository/com/amazonaws/aws-java-sdk-marketplacecommerceanalytics/1.11.274/aws-java-sdk-marketplacecommerceanalytics-1.11.274.jar:/home/devsouza/.m2/repository/com/amazonaws/aws-java-sdk-inspector/1.11.274/aws-java-sdk-inspector-1.11.274.jar:/home/devsouza/.m2/repository/com/amazonaws/aws-java-sdk-iot/1.11.274/aws-java-sdk-iot-1.11.274.jar:/home/devsouza/.m2/repository/com/amazonaws/aws-java-sdk-api-gateway/1.11.274/aws-java-sdk-api-gateway-1.11.274.jar:/home/devsouza/.m2/repository/com/amazonaws/aws-java-sdk-acm/1.11.274/aws-java-sdk-acm-1.11.274.jar:/home/devsouza/.m2/repository/com/amazonaws/aws-java-sdk-gamelift/1.11.274/aws-java-sdk-gamelift-1.11.274.jar:/home/devsouza/.m2/repository/com/amazonaws/aws-java-sdk-dms/1.11.274/aws-java-sdk-dms-1.11.274.jar:/home/devsouza/.m2/repository/com/amazonaws/aws-java-sdk-marketplacemeteringservice/1.11.274/aws-java-sdk-marketplacemeteringservice-1.11.274.jar:/home/devsouza/.m2/repository/com/amazonaws/aws-java-sdk-cognitoidp/1.11.274/aws-java-sdk-cognitoidp-1.11.274.jar:/home/devsouza/.m2/repository/com/amazonaws/aws-java-sdk-discovery/1.11.274/aws-java-sdk-discovery-1.11.274.jar:/home/devsouza/.m2/repository/com/amazonaws/aws-java-sdk-applicationautoscaling/1.11.274/aws-java-sdk-applicationautoscaling-1.11.274.jar:/home/devsouza/.m2/repository/com/amazonaws/aws-java-sdk-snowball/1.11.274/aws-java-sdk-snowball-1.11.274.jar:/home/devsouza/.m2/repository/com/amazonaws/aws-java-sdk-rekognition/1.11.274/aws-java-sdk-rekognition-1.11.274.jar:/home/devsouza/.m2/repository/com/amazonaws/aws-java-sdk-polly/1.11.274/aws-java-sdk-polly-1.11.274.jar:/home/devsouza/.m2/repository/com/amazonaws/aws-java-sdk-lightsail/1.11.274/aws-java-sdk-lightsail-1.11.274.jar:/home/devsouza/.m2/repository/com/amazonaws/aws-java-sdk-stepfunctions/1.11.274/aws-java-sdk-stepfunctions-1.11.274.jar:/home/devsouza/.m2/repository/com/amazonaws/aws-java-sdk-health/1.11.274/aws-java-sdk-health-1.11.274.jar:/home/devsouza/.m2/repository/com/amazonaws/aws-java-sdk-costandusagereport/1.11.274/aws-java-sdk-costandusagereport-1.11.274.jar:/home/devsouza/.m2/repository/com/amazonaws/aws-java-sdk-codebuild/1.11.274/aws-java-sdk-codebuild-1.11.274.jar:/home/devsouza/.m2/repository/com/amazonaws/aws-java-sdk-appstream/1.11.274/aws-java-sdk-appstream-1.11.274.jar:/home/devsouza/.m2/repository/com/amazonaws/aws-java-sdk-shield/1.11.274/aws-java-sdk-shield-1.11.274.jar:/home/devsouza/.m2/repository/com/amazonaws/aws-java-sdk-batch/1.11.274/aws-java-sdk-batch-1.11.274.jar:/home/devsouza/.m2/repository/com/amazonaws/aws-java-sdk-lex/1.11.274/aws-java-sdk-lex-1.11.274.jar:/home/devsouza/.m2/repository/com/amazonaws/aws-java-sdk-mechanicalturkrequester/1.11.274/aws-java-sdk-mechanicalturkrequester-1.11.274.jar:/home/devsouza/.m2/repository/com/amazonaws/aws-java-sdk-organizations/1.11.274/aws-java-sdk-organizations-1.11.274.jar:/home/devsouza/.m2/repository/com/amazonaws/aws-java-sdk-workdocs/1.11.274/aws-java-sdk-workdocs-1.11.274.jar:/home/devsouza/.m2/repository/com/amazonaws/aws-java-sdk-core/1.11.274/aws-java-sdk-core-1.11.274.jar:/home/devsouza/.m2/repository/org/apache/httpcomponents/httpclient/4.5.5/httpclient-4.5.5.jar:/home/devsouza/.m2/repository/org/apache/httpcomponents/httpcore/4.4.9/httpcore-4.4.9.jar:/home/devsouza/.m2/repository/software/amazon/ion/ion-java/1.0.2/ion-java-1.0.2.jar:/home/devsouza/.m2/repository/com/fasterxml/jackson/dataformat/jackson-dataformat-cbor/2.9.5/jackson-dataformat-cbor-2.9.5.jar:/home/devsouza/.m2/repository/com/amazonaws/aws-java-sdk-models/1.11.274/aws-java-sdk-models-1.11.274.jar:/home/devsouza/.m2/repository/com/amazonaws/aws-java-sdk-swf-libraries/1.11.22/aws-java-sdk-swf-libraries-1.11.22.jar:, sun.cpu.endian=little, user.home=/home/devsouza, user.language=pt, java.specification.vendor=Oracle Corporation, java.version.date=2020-11-04, java.home=/usr/lib/jvm/java-11-openjdk-amd64, file.separator=/, style.color=always, basedir=/home/devsouza/Downloads/25.03-modificacoes-para-o-spring-security-5, java.vm.compressedOopsMode=Zero based, line.separator=
, java.specification.name=Java Platform API Specification, java.vm.specification.vendor=Oracle Corporation, java.awt.graphicsenv=sun.awt.X11GraphicsEnvironment, surefire.real.class.path=/home/devsouza/Downloads/25.03-modificacoes-para-o-spring-security-5/target/surefire/surefirebooter10931819110477432991.jar, sun.management.compiler=HotSpot 64-Bit Tiered Compilers, java.runtime.version=11.0.9.1+1-Ubuntu-0ubuntu1.20.04, user.name=devsouza, path.separator=:, os.version=5.8.0-41-generic, java.runtime.name=OpenJDK Runtime Environment, file.encoding=UTF-8, java.vm.name=OpenJDK 64-Bit Server VM, localRepository=/home/devsouza/.m2/repository, java.vendor.url.bug=https://bugs.launchpad.net/ubuntu/+source/openjdk-lts, java.io.tmpdir=/tmp, java.version=11.0.9.1, user.dir=/home/devsouza/Downloads/25.03-modificacoes-para-o-spring-security-5, os.arch=amd64, java.vm.specification.name=Java Virtual Machine Specification, java.awt.printerjob=sun.print.PSPrinterJob, sun.os.patch.level=unknown, java.library.path=/usr/java/packages/lib:/usr/lib/x86_64-linux-gnu/jni:/lib/x86_64-linux-gnu:/usr/lib/x86_64-linux-gnu:/usr/lib/jni:/lib:/usr/lib, java.vm.info=mixed mode, sharing, java.vendor=Ubuntu, java.vm.version=11.0.9.1+1-Ubuntu-0ubuntu1.20.04, sun.io.unicode.encoding=UnicodeLittle, java.class.version=55.0}}, SystemEnvironmentPropertySource@1725008249 {name='systemEnvironment', properties={PATH=/usr/local/sbin:/usr/local/bin:/usr/sbin:/usr/bin:/sbin:/bin:/usr/games:/usr/local/games:/snap/bin, XAUTHORITY=/run/user/1000/gdm/Xauthority, INVOCATION_ID=68cb3069efb5482185ad4fc8be8419c0, OXYGEN_DISABLE_INNER_SHADOWS_HACK=1, XMODIFIERS=@im=ibus, XDG_DATA_DIRS=/usr/share/ubuntu:/usr/local/share/:/usr/share/:/var/lib/snapd/desktop, GDMSESSION=ubuntu, QT_IM_MODULE=ibus, XDG_CONFIG_DIRS=/etc/xdg/xdg-ubuntu:/etc/xdg, LANG=pt_BR.UTF-8, DBUS_SESSION_BUS_ADDRESS=unix:path=/run/user/1000/bus,guid=aef2ab2f653d01fbf14c7f29602a9700, XDG_SESSION_TYPE=x11, XDG_CURRENT_DESKTOP=ubuntu:GNOME, DISPLAY=:1, JOURNAL_STREAM=8:104476, SSH_AGENT_PID=2922, SESSION_MANAGER=local/devsouza-pc:@/tmp/.ICE-unix/2956,unix/devsouza-pc:/tmp/.ICE-unix/2956, USERNAME=devsouza, LOGNAME=devsouza, PWD=/home/devsouza/Downloads/25.03-modificacoes-para-o-spring-security-5, MANAGERPID=2737, IM_CONFIG_PHASE=1, XDG_SESSION_CLASS=user, _=/usr/bin/dbus-update-activation-environment, LANGUAGE=pt_BR:pt:en, SHELL=/usr/bin/zsh, LIBOVERLAY_SCROLLBAR=0, GPG_AGENT_INFO=/run/user/1000/gnupg/S.gpg-agent:0:1, GDK_CORE_DEVICE_EVENTS=1, DESKTOP_SESSION=ubuntu, OLDPWD=/home/devsouza/Downloads/25.03-modificacoes-para-o-spring-security-5, USER=devsouza, XDG_MENU_PREFIX=gnome-, GIO_LAUNCHED_DESKTOP_FILE_PID=5476, QT_ACCESSIBILITY=1, WINDOWPATH=2, GNOME_DESKTOP_SESSION_ID=this-is-deprecated, SSH_AUTH_SOCK=/run/user/1000/keyring/ssh, GTK_MODULES=gail:atk-bridge, DBUS_STARTER_ADDRESS=unix:path=/run/user/1000/bus,guid=aef2ab2f653d01fbf14c7f29602a9700, GNOME_SHELL_SESSION_MODE=ubuntu, XDG_SESSION_DESKTOP=ubuntu, XDG_RUNTIME_DIR=/run/user/1000, DBUS_STARTER_BUS_TYPE=session, HOME=/home/devsouza, SHLVL=0}}]
15:43:56.642 [main] DEBUG org.springframework.core.io.support.PathMatchingResourcePatternResolver - Resolved classpath location [com/example/algamoney/api/] to resources [URL [file:/home/devsouza/Downloads/25.03-modificacoes-para-o-spring-security-5/target/test-classes/com/example/algamoney/api/], URL [file:/home/devsouza/Downloads/25.03-modificacoes-para-o-spring-security-5/target/classes/com/example/algamoney/api/]]
15:43:56.643 [main] DEBUG org.springframework.core.io.support.PathMatchingResourcePatternResolver - Looking for matching resources in directory tree [/home/devsouza/Downloads/25.03-modificacoes-para-o-spring-security-5/target/test-classes/com/example/algamoney/api]
15:43:56.643 [main] DEBUG org.springframework.core.io.support.PathMatchingResourcePatternResolver - Searching directory [/home/devsouza/Downloads/25.03-modificacoes-para-o-spring-security-5/target/test-classes/com/example/algamoney/api] for files matching pattern [/home/devsouza/Downloads/25.03-modificacoes-para-o-spring-security-5/target/test-classes/com/example/algamoney/api/*.class]
15:43:56.644 [main] DEBUG org.springframework.core.io.support.PathMatchingResourcePatternResolver - Looking for matching resources in directory tree [/home/devsouza/Downloads/25.03-modificacoes-para-o-spring-security-5/target/classes/com/example/algamoney/api]
15:43:56.645 [main] DEBUG org.springframework.core.io.support.PathMatchingResourcePatternResolver - Searching directory [/home/devsouza/Downloads/25.03-modificacoes-para-o-spring-security-5/target/classes/com/example/algamoney/api] for files matching pattern [/home/devsouza/Downloads/25.03-modificacoes-para-o-spring-security-5/target/classes/com/example/algamoney/api/*.class]
15:43:56.647 [main] DEBUG org.springframework.core.io.support.PathMatchingResourcePatternResolver - Resolved location pattern [classpath*:com/example/algamoney/api/*.class] to resources [file [/home/devsouza/Downloads/25.03-modificacoes-para-o-spring-security-5/target/test-classes/com/example/algamoney/api/AlgamoneyApiApplicationTests.class], file [/home/devsouza/Downloads/25.03-modificacoes-para-o-spring-security-5/target/classes/com/example/algamoney/api/AlgamoneyApiApplication.class]]
15:43:56.677 [main] DEBUG org.springframework.context.annotation.ClassPathScanningCandidateComponentProvider - Identified candidate component class: file [/home/devsouza/Downloads/25.03-modificacoes-para-o-spring-security-5/target/classes/com/example/algamoney/api/AlgamoneyApiApplication.class]
15:43:56.678 [main] INFO org.springframework.boot.test.context.SpringBootTestContextBootstrapper - Found @SpringBootConfiguration com.example.algamoney.api.AlgamoneyApiApplication for test class com.example.algamoney.api.AlgamoneyApiApplicationTests
15:43:56.779 [main] DEBUG org.springframework.boot.test.context.SpringBootTestContextBootstrapper - @TestExecutionListeners is not present for class [com.example.algamoney.api.AlgamoneyApiApplicationTests]: using defaults.
15:43:56.780 [main] INFO org.springframework.boot.test.context.SpringBootTestContextBootstrapper - Loaded default TestExecutionListener class names from location [META-INF/spring.factories]: [org.springframework.boot.test.mock.mockito.MockitoTestExecutionListener, org.springframework.boot.test.mock.mockito.ResetMocksTestExecutionListener, org.springframework.boot.test.autoconfigure.restdocs.RestDocsTestExecutionListener, org.springframework.boot.test.autoconfigure.web.client.MockRestServiceServerResetTestExecutionListener, org.springframework.boot.test.autoconfigure.web.servlet.MockMvcPrintOnlyOnFailureTestExecutionListener, org.springframework.boot.test.autoconfigure.web.servlet.WebDriverTestExecutionListener, org.springframework.test.context.web.ServletTestExecutionListener, org.springframework.test.context.support.DirtiesContextBeforeModesTestExecutionListener, org.springframework.test.context.support.DependencyInjectionTestExecutionListener, org.springframework.test.context.support.DirtiesContextTestExecutionListener, org.springframework.test.context.transaction.TransactionalTestExecutionListener, org.springframework.test.context.jdbc.SqlScriptsTestExecutionListener]
15:43:56.791 [main] INFO org.springframework.boot.test.context.SpringBootTestContextBootstrapper - Using TestExecutionListeners: [org.springframework.test.context.web.ServletTestExecutionListener@4bd31064, org.springframework.test.context.support.DirtiesContextBeforeModesTestExecutionListener@e3c0e40, org.springframework.boot.test.mock.mockito.MockitoTestExecutionListener@329dbdbf, org.springframework.boot.test.autoconfigure.SpringBootDependencyInjectionTestExecutionListener@7354b8c5, org.springframework.test.context.support.DirtiesContextTestExecutionListener@20d7d6fb, org.springframework.test.context.transaction.TransactionalTestExecutionListener@4ef782af, org.springframework.test.context.jdbc.SqlScriptsTestExecutionListener@11d8ae8b, org.springframework.boot.test.mock.mockito.ResetMocksTestExecutionListener@479cbee5, org.springframework.boot.test.autoconfigure.restdocs.RestDocsTestExecutionListener@59e2d8e3, org.springframework.boot.test.autoconfigure.web.client.MockRestServiceServerResetTestExecutionListener@2b72cb8a, org.springframework.boot.test.autoconfigure.web.servlet.MockMvcPrintOnlyOnFailureTestExecutionListener@7f8a9499, org.springframework.boot.test.autoconfigure.web.servlet.WebDriverTestExecutionListener@5d43661b]
15:43:56.792 [main] DEBUG org.springframework.test.annotation.ProfileValueUtils - Retrieved @ProfileValueSourceConfiguration [null] for test class [com.example.algamoney.api.AlgamoneyApiApplicationTests]
15:43:56.792 [main] DEBUG org.springframework.test.annotation.ProfileValueUtils - Retrieved ProfileValueSource type [class org.springframework.test.annotation.SystemProfileValueSource] for class [com.example.algamoney.api.AlgamoneyApiApplicationTests]
15:43:56.793 [main] DEBUG org.springframework.test.annotation.ProfileValueUtils - Retrieved @ProfileValueSourceConfiguration [null] for test class [com.example.algamoney.api.AlgamoneyApiApplicationTests]
15:43:56.793 [main] DEBUG org.springframework.test.annotation.ProfileValueUtils - Retrieved ProfileValueSource type [class org.springframework.test.annotation.SystemProfileValueSource] for class [com.example.algamoney.api.AlgamoneyApiApplicationTests]
15:43:56.793 [main] DEBUG org.springframework.test.annotation.ProfileValueUtils - Retrieved @ProfileValueSourceConfiguration [null] for test class [com.example.algamoney.api.AlgamoneyApiApplicationTests]
15:43:56.793 [main] DEBUG org.springframework.test.annotation.ProfileValueUtils - Retrieved ProfileValueSource type [class org.springframework.test.annotation.SystemProfileValueSource] for class [com.example.algamoney.api.AlgamoneyApiApplicationTests]
15:43:56.795 [main] DEBUG org.springframework.test.context.support.AbstractDirtiesContextTestExecutionListener - Before test class: context [DefaultTestContext@379614be testClass = AlgamoneyApiApplicationTests, testInstance = [null], testMethod = [null], testException = [null], mergedContextConfiguration = [WebMergedContextConfiguration@404bbcbd testClass = AlgamoneyApiApplicationTests, locations = '{}', classes = '{class com.example.algamoney.api.AlgamoneyApiApplication}', contextInitializerClasses = '[]', activeProfiles = '{}', propertySourceLocations = '{}', propertySourceProperties = '{org.springframework.boot.test.context.SpringBootTestContextBootstrapper=true}', contextCustomizers = set[org.springframework.boot.test.context.filter.ExcludeFilterContextCustomizer@776aec5c, org.springframework.boot.test.json.DuplicateJsonObjectContextCustomizerFactory$DuplicateJsonObjectContextCustomizer@75d4a5c2, org.springframework.boot.test.mock.mockito.MockitoContextCustomizer@0, org.springframework.boot.test.web.client.TestRestTemplateContextCustomizer@5542c4ed, org.springframework.boot.test.autoconfigure.properties.PropertyMappingContextCustomizer@0, org.springframework.boot.test.autoconfigure.web.servlet.WebDriverContextCustomizerFactory$Customizer@62ddbd7e], resourceBasePath = 'src/main/webapp', contextLoader = 'org.springframework.boot.test.context.SpringBootContextLoader', parent = [null]], attributes = map['org.springframework.test.context.web.ServletTestExecutionListener.activateListener' -> true]], class annotated with @DirtiesContext [false] with mode [null].
15:43:56.795 [main] DEBUG org.springframework.test.annotation.ProfileValueUtils - Retrieved @ProfileValueSourceConfiguration [null] for test class [com.example.algamoney.api.AlgamoneyApiApplicationTests]
15:43:56.795 [main] DEBUG org.springframework.test.annotation.ProfileValueUtils - Retrieved ProfileValueSource type [class org.springframework.test.annotation.SystemProfileValueSource] for class [com.example.algamoney.api.AlgamoneyApiApplicationTests]
15:43:56.807 [main] DEBUG org.springframework.core.env.StandardEnvironment - Adding PropertySource 'systemProperties' with lowest search precedence
15:43:56.807 [main] DEBUG org.springframework.core.env.StandardEnvironment - Adding PropertySource 'systemEnvironment' with lowest search precedence
15:43:56.807 [main] DEBUG org.springframework.core.env.StandardEnvironment - Initialized StandardEnvironment with PropertySources [MapPropertySource@1810923540 {name='systemProperties', properties={sun.desktop=gnome, awt.toolkit=sun.awt.X11.XToolkit, java.specification.version=11, sun.cpu.isalist=, sun.jnu.encoding=UTF-8, java.class.path=/home/devsouza/Downloads/25.03-modificacoes-para-o-spring-security-5/target/test-classes:/home/devsouza/Downloads/25.03-modificacoes-para-o-spring-security-5/target/classes:/home/devsouza/.m2/repository/org/springframework/boot/spring-boot-starter-data-jpa/2.0.2.RELEASE/spring-boot-starter-data-jpa-2.0.2.RELEASE.jar:/home/devsouza/.m2/repository/org/springframework/boot/spring-boot-starter/2.0.2.RELEASE/spring-boot-starter-2.0.2.RELEASE.jar:/home/devsouza/.m2/repository/org/springframework/boot/spring-boot-starter-logging/2.0.2.RELEASE/spring-boot-starter-logging-2.0.2.RELEASE.jar:/home/devsouza/.m2/repository/ch/qos/logback/logback-classic/1.2.3/logback-classic-1.2.3.jar:/home/devsouza/.m2/repository/ch/qos/logback/logback-core/1.2.3/logback-core-1.2.3.jar:/home/devsouza/.m2/repository/org/apache/logging/log4j/log4j-to-slf4j/2.10.0/log4j-to-slf4j-2.10.0.jar:/home/devsouza/.m2/repository/org/apache/logging/log4j/log4j-api/2.10.0/log4j-api-2.10.0.jar:/home/devsouza/.m2/repository/org/slf4j/jul-to-slf4j/1.7.25/jul-to-slf4j-1.7.25.jar:/home/devsouza/.m2/repository/javax/annotation/javax.annotation-api/1.3.2/javax.annotation-api-1.3.2.jar:/home/devsouza/.m2/repository/org/yaml/snakeyaml/1.19/snakeyaml-1.19.jar:/home/devsouza/.m2/repository/org/springframework/boot/spring-boot-starter-aop/2.0.2.RELEASE/spring-boot-starter-aop-2.0.2.RELEASE.jar:/home/devsouza/.m2/repository/org/aspectj/aspectjweaver/1.8.13/aspectjweaver-1.8.13.jar:/home/devsouza/.m2/repository/org/springframework/boot/spring-boot-starter-jdbc/2.0.2.RELEASE/spring-boot-starter-jdbc-2.0.2.RELEASE.jar:/home/devsouza/.m2/repository/com/zaxxer/HikariCP/2.7.9/HikariCP-2.7.9.jar:/home/devsouza/.m2/repository/org/springframework/spring-jdbc/5.0.6.RELEASE/spring-jdbc-5.0.6.RELEASE.jar:/home/devsouza/.m2/repository/org/hibernate/hibernate-core/5.2.17.Final/hibernate-core-5.2.17.Final.jar:/home/devsouza/.m2/repository/org/hibernate/javax/persistence/hibernate-jpa-2.1-api/1.0.0.Final/hibernate-jpa-2.1-api-1.0.0.Final.jar:/home/devsouza/.m2/repository/org/javassist/javassist/3.22.0-GA/javassist-3.22.0-GA.jar:/home/devsouza/.m2/repository/antlr/antlr/2.7.7/antlr-2.7.7.jar:/home/devsouza/.m2/repository/org/jboss/jandex/2.0.3.Final/jandex-2.0.3.Final.jar:/home/devsouza/.m2/repository/com/fasterxml/classmate/1.3.4/classmate-1.3.4.jar:/home/devsouza/.m2/repository/dom4j/dom4j/1.6.1/dom4j-1.6.1.jar:/home/devsouza/.m2/repository/org/hibernate/common/hibernate-commons-annotations/5.0.1.Final/hibernate-commons-annotations-5.0.1.Final.jar:/home/devsouza/.m2/repository/javax/transaction/javax.transaction-api/1.2/javax.transaction-api-1.2.jar:/home/devsouza/.m2/repository/org/springframework/data/spring-data-jpa/2.0.7.RELEASE/spring-data-jpa-2.0.7.RELEASE.jar:/home/devsouza/.m2/repository/or
[...]
	at org.apache.maven.surefire.junit4.JUnit4Provider.execute(JUnit4Provider.java:365) ~[surefire-junit4-2.21.0.jar:2.21.0]
	at org.apache.maven.surefire.junit4.JUnit4Provider.executeWithRerun(JUnit4Provider.java:273) ~[surefire-junit4-2.21.0.jar:2.21.0]
	at org.apache.maven.surefire.junit4.JUnit4Provider.executeTestSet(JUnit4Provider.java:238) ~[surefire-junit4-2.21.0.jar:2.21.0]
	at org.apache.maven.surefire.junit4.JUnit4Provider.invoke(JUnit4Provider.java:159) ~[surefire-junit4-2.21.0.jar:2.21.0]
	at org.apache.maven.surefire.booter.ForkedBooter.invokeProviderInSameClassLoader(ForkedBooter.java:379) ~[surefire-booter-2.21.0.jar:2.21.0]
	at org.apache.maven.surefire.booter.ForkedBooter.runSuitesInProcess(ForkedBooter.java:340) ~[surefire-booter-2.21.0.jar:2.21.0]
	at org.apache.maven.surefire.booter.ForkedBooter.execute(ForkedBooter.java:125) ~[surefire-booter-2.21.0.jar:2.21.0]
	at org.apache.maven.surefire.booter.ForkedBooter.main(ForkedBooter.java:413) ~[surefire-booter-2.21.0.jar:2.21.0]
Caused by: org.flywaydb.core.internal.exception.FlywaySqlException: 
Unable to obtain database connection
------------------------------------
SQL State  : 08S01
Error Code : 0
Message    : Communications link failure

The last packet sent successfully to the server was 0 milliseconds ago. The driver has not received any packets from the server.

	at org.flywaydb.core.internal.util.jdbc.JdbcUtils.openConnection(JdbcUtils.java:57) ~[flyway-core-5.0.7.jar:na]
	at org.flywaydb.core.internal.database.DatabaseFactory.createDatabase(DatabaseFactory.java:67) ~[flyway-core-5.0.7.jar:na]
	at org.flywaydb.core.Flyway.execute(Flyway.java:1634) ~[flyway-core-5.0.7.jar:na]
	at org.flywaydb.core.Flyway.migrate(Flyway.java:1168) ~[flyway-core-5.0.7.jar:na]
	at org.springframework.boot.autoconfigure.flyway.FlywayMigrationInitializer.afterPropertiesSet(FlywayMigrationInitializer.java:66) ~[spring-boot-autoconfigure-2.0.2.RELEASE.jar:2.0.2.RELEASE]
	at org.springframework.beans.factory.support.AbstractAutowireCapableBeanFactory.invokeInitMethods(AbstractAutowireCapableBeanFactory.java:1765) ~[spring-beans-5.0.6.RELEASE.jar:5.0.6.RELEASE]
	at org.springframework.beans.factory.support.AbstractAutowireCapableBeanFactory.initializeBean(AbstractAutowireCapableBeanFactory.java:1702) ~[spring-beans-5.0.6.RELEASE.jar:5.0.6.RELEASE]
	... 44 common frames omitted
Caused by: com.mysql.jdbc.exceptions.jdbc4.CommunicationsException: Communications link failure

The last packet sent successfully to the server was 0 milliseconds ago. The driver has not received any packets from the server.
	at java.base/jdk.internal.reflect.NativeConstructorAccessorImpl.newInstance0(Native Method) ~[na:na]
	at java.base/jdk.internal.reflect.NativeConstructorAccessorImpl.newInstance(NativeConstructorAccessorImpl.java:62) ~[na:na]
	at java.base/jdk.internal.reflect.DelegatingConstructorAccessorImpl.newInstance(DelegatingConstructorAccessorImpl.java:45) ~[na:na]
	at java.base/java.lang.reflect.Constructor.newInstance(Constructor.java:490) ~[na:na]
	at com.mysql.jdbc.Util.handleNewInstance(Util.java:425) ~[mysql-connector-java-5.1.46.jar:5.1.46]
	at com.mysql.jdbc.SQLError.createCommunicationsException(SQLError.java:990) ~[mysql-connector-java-5.1.46.jar:5.1.46]
	at com.mysql.jdbc.MysqlIO.<init>(MysqlIO.java:342) ~[mysql-connector-java-5.1.46.jar:5.1.46]
	at com.mysql.jdbc.ConnectionImpl.coreConnect(ConnectionImpl.java:2188) ~[mysql-connector-java-5.1.46.jar:5.1.46]
	at com.mysql.jdbc.ConnectionImpl.connectOneTryOnly(ConnectionImpl.java:2221) ~[mysql-connector-java-5.1.46.jar:5.1.46]
	at com.mysql.jdbc.ConnectionImpl.createNewIO(ConnectionImpl.java:2016) ~[mysql-connector-java-5.1.46.jar:5.1.46]
	at com.mysql.jdbc.ConnectionImpl.<init>(ConnectionImpl.java:776) ~[mysql-connector-java-5.1.46.jar:5.1.46]
	at com.mysql.jdbc.JDBC4Connection.<init>(JDBC4Connection.java:47) ~[mysql-connector-java-5.1.46.jar:5.1.46]
	at java.base/jdk.internal.reflect.NativeConstructorAccessorImpl.newInstance0(Native Method) ~[na:na]
	at java.base/jdk.internal.reflect.NativeConstructorAccessorImpl.newInstance(NativeConstructorAccessorImpl.java:62) ~[na:na]
	at java.base/jdk.internal.reflect.DelegatingConstructorAccessorImpl.newInstance(DelegatingConstructorAccessorImpl.java:45) ~[na:na]
	at java.base/java.lang.reflect.Constructor.newInstance(Constructor.java:490) ~[na:na]
	at com.mysql.jdbc.Util.handleNewInstance(Util.java:425) ~[mysql-connector-java-5.1.46.jar:5.1.46]
	at com.mysql.jdbc.ConnectionImpl.getInstance(ConnectionImpl.java:386) ~[mysql-connector-java-5.1.46.jar:5.1.46]
	at com.mysql.jdbc.NonRegisteringDriver.connect(NonRegisteringDriver.java:330) ~[mysql-connector-java-5.1.46.jar:5.1.46]
	at com.zaxxer.hikari.util.DriverDataSource.getConnection(DriverDataSource.java:117) ~[HikariCP-2.7.9.jar:na]
	at com.zaxxer.hikari.util.DriverDataSource.getConnection(DriverDataSource.java:123) ~[HikariCP-2.7.9.jar:na]
	at com.zaxxer.hikari.pool.PoolBase.newConnection(PoolBase.java:365) ~[HikariCP-2.7.9.jar:na]
	at com.zaxxer.hikari.pool.PoolBase.newPoolEntry(PoolBase.java:194) ~[HikariCP-2.7.9.jar:na]
	at com.zaxxer.hikari.pool.HikariPool.createPoolEntry(HikariPool.java:460) ~[HikariCP-2.7.9.jar:na]
	at com.zaxxer.hikari.pool.HikariPool.checkFailFast(HikariPool.java:534) ~[HikariCP-2.7.9.jar:na]
	at com.zaxxer.hikari.pool.HikariPool.<init>(HikariPool.java:115) ~[HikariCP-2.7.9.jar:na]
	at com.zaxxer.hikari.HikariDataSource.getConnection(HikariDataSource.java:112) ~[HikariCP-2.7.9.jar:na]
	at org.flywaydb.core.internal.util.jdbc.JdbcUtils.openConnection(JdbcUtils.java:51) ~[flyway-core-5.0.7.jar:na]
	... 50 common frames omitted
Caused by: java.net.ConnectException: Conexão recusada (Connection refused)
	at java.base/java.net.PlainSocketImpl.socketConnect(Native Method) ~[na:na]
	at java.base/java.net.AbstractPlainSocketImpl.doConnect(AbstractPlainSocketImpl.java:399) ~[na:na]
	at java.base/java.net.AbstractPlainSocketImpl.connectToAddress(AbstractPlainSocketImpl.java:242) ~[na:na]
	at java.base/java.net.AbstractPlainSocketImpl.connect(AbstractPlainSocketImpl.java:224) ~[na:na]
	at java.base/java.net.SocksSocketImpl.connect(SocksSocketImpl.java:403) ~[na:na]
	at java.base/java.net.Socket.connect(Socket.java:609) ~[na:na]
	at com.mysql.jdbc.StandardSocketFactory.connect(StandardSocketFactory.java:211) ~[mysql-connector-java-5.1.46.jar:5.1.46]
	at com.mysql.jdbc.MysqlIO.<init>(MysqlIO.java:301) ~[mysql-connector-java-5.1.46.jar:5.1.46]
	... 71 common frames omitted

2021-02-15 15:44:00.109 ERROR 15240 --- [           main] o.s.test.context.TestContextManager      : Caught exception while allowing TestExecutionListener [org.springframework.test.context.web.ServletTestExecutionListener@4bd31064] to prepare test instance [com.example.algamoney.api.AlgamoneyApiApplicationTests@539a138b]

java.lang.IllegalStateException: Failed to load ApplicationContext
	at org.springframework.test.context.cache.DefaultCacheAwareContextLoaderDelegate.loadContext(DefaultCacheAwareContextLoaderDelegate.java:125) ~[spring-test-5.0.6.RELEASE.jar:5.0.6.RELEASE]
	at org.springframework.test.context.support.DefaultTestContext.getApplicationContext(DefaultTestContext.java:108) ~[spring-test-5.0.6.RELEASE.jar:5.0.6.RELEASE]
	at org.springframework.test.context.web.ServletTestExecutionListener.setUpRequestContextIfNecessary(ServletTestExecutionListener.java:190) ~[spring-test-5.0.6.RELEASE.jar:5.0.6.RELEASE]
	at org.springframework.test.context.web.ServletTestExecutionListener.prepareTestInstance(ServletTestExecutionListener.java:132) ~[spring-test-5.0.6.RELEASE.jar:5.0.6.RELEASE]
	at org.springframework.test.context.TestContextManager.prepareTestInstance(TestContextManager.java:246) ~[spring-test-5.0.6.RELEASE.jar:5.0.6.RELEASE]
	at org.springframework.test.context.junit4.SpringJUnit4ClassRunner.createTest(SpringJUnit4ClassRunner.java:227) ~[spring-test-5.0.6.RELEASE.jar:5.0.6.RELEASE]
	at org.springframework.test.context.junit4.SpringJUnit4ClassRunner$1.runReflectiveCall(SpringJUnit4ClassRunner.java:289) ~[spring-test-5.0.6.RELEASE.jar:5.0.6.RELEASE]
	at org.junit.internal.runners.model.ReflectiveCallable.run(ReflectiveCallable.java:12) ~[junit-4.12.jar:4.12]
	at org.springframework.test.context.junit4.SpringJUnit4ClassRunner.methodBlock(SpringJUnit4ClassRunner.java:291) ~[spring-test-5.0.6.RELEASE.jar:5.0.6.RELEASE]
	at org.springframework.test.context.junit4.SpringJUnit4ClassRunner.runChild(SpringJUnit4ClassRunner.java:246) ~[spring-test-5.0.6.RELEASE.jar:5.0.6.RELEASE]
	at org.springframework.test.context.junit4.SpringJUnit4ClassRunner.runChild(SpringJUnit4ClassRunner.java:97) ~[spring-test-5.0.6.RELEASE.jar:5.0.6.RELEASE]
	at org.junit.runners.ParentRunner$3.run(ParentRunner.java:290) ~[junit-4.12.jar:4.12]
	at org.junit.runners.ParentRunner$1.schedule(ParentRunner.java:71) ~[junit-4.12.jar:4.12]
	at org.junit.runners.ParentRunner.runChildren(ParentRunner.java:288) ~[junit-4.12.jar:4.12]
	at org.junit.runners.ParentRunner.access$000(ParentRunner.java:58) ~[junit-4.12.jar:4.12]
	at org.junit.runners.ParentRunner$2.evaluate(ParentRunner.java:268) ~[junit-4.12.jar:4.12]
	at org.springframework.test.context.junit4.statements.RunBeforeTestClassCallbacks.evaluate(RunBeforeTestClassCallbacks.java:61) ~[spring-test-5.0.6.RELEASE.jar:5.0.6.RELEASE]
	at org.springframework.test.context.junit4.statements.RunAfterTestClassCallbacks.evaluate(RunAfterTestClassCallbacks.java:70) ~[spring-test-5.0.6.RELEASE.jar:5.0.6.RELEASE]
	at org.junit.runners.ParentRunner.run(ParentRunner.java:363) ~[junit-4.12.jar:4.12]
	at org.springframework.test.context.junit4.SpringJUnit4ClassRunner.run(SpringJUnit4ClassRunner.java:190) ~[spring-test-5.0.6.RELEASE.jar:5.0.6.RELEASE]
	at org.apache.maven.surefire.junit4.JUnit4Provider.execute(JUnit4Provider.java:365) ~[surefire-junit4-2.21.0.jar:2.21.0]
	at org.apache.maven.surefire.junit4.JUnit4Provider.executeWithRerun(JUnit4Provider.java:273) ~[surefire-junit4-2.21.0.jar:2.21.0]
	at org.apache.maven.surefire.junit4.JUnit4Provider.executeTestSet(JUnit4Provider.java:238) ~[surefire-junit4-2.21.0.jar:2.21.0]
	at org.apache.maven.surefire.junit4.JUnit4Provider.invoke(JUnit4Provider.java:159) ~[surefire-junit4-2.21.0.jar:2.21.0]
	at org.apache.maven.surefire.booter.ForkedBooter.invokeProviderInSameClassLoader(ForkedBooter.java:379) ~[surefire-booter-2.21.0.jar:2.21.0]
	at org.apache.maven.surefire.booter.ForkedBooter.runSuitesInProcess(ForkedBooter.java:340) ~[surefire-booter-2.21.0.jar:2.21.0]
	at org.apache.maven.surefire.booter.ForkedBooter.execute(ForkedBooter.java:125) ~[surefire-booter-2.21.0.jar:2.21.0]
	at org.apache.maven.surefire.booter.ForkedBooter.main(ForkedBooter.java:413) ~[surefire-booter-2.21.0.jar:2.21.0]
Caused by: org.springframework.beans.factory.BeanCreationException: Error creating bean with name 'flywayInitializer' defined in class path resource [org/springframework/boot/autoconfigure/flyway/FlywayAutoConfiguration$FlywayConfiguration.class]: Invocation of init method failed; nested exception is org.flywaydb.core.internal.exception.FlywaySqlException: 
Unable to obtain database connection
------------------------------------
SQL State  : 08S01
Error Code : 0
Message    : Communications link failure

The last packet sent successfully to the server was 0 milliseconds ago. The driver has not received any packets from the server.

	at org.springframework.beans.factory.support.AbstractAutowireCapableBeanFactory.initializeBean(AbstractAutowireCapableBeanFactory.java:1706) ~[spring-beans-5.0.6.RELEASE.jar:5.0.6.RELEASE]
	at org.springframework.beans.factory.support.AbstractAutowireCapableBeanFactory.doCreateBean(AbstractAutowireCapableBeanFactory.java:579) ~[spring-beans-5.0.6.RELEASE.jar:5.0.6.RELEASE]
	at org.springframework.beans.factory.support.AbstractAutowireCapableBeanFactory.createBean(AbstractAutowireCapableBeanFactory.java:501) ~[spring-beans-5.0.6.RELEASE.jar:5.0.6.RELEASE]
	at org.springframework.beans.factory.support.AbstractBeanFactory.lambda$doGetBean$0(AbstractBeanFactory.java:317) ~[spring-beans-5.0.6.RELEASE.jar:5.0.6.RELEASE]
	at org.springframework.beans.factory.support.DefaultSingletonBeanRegistry.getSingleton(DefaultSingletonBeanRegistry.java:228) ~[spring-beans-5.0.6.RELEASE.jar:5.0.6.RELEASE]
	at org.springframework.beans.factory.support.AbstractBeanFactory.doGetBean(AbstractBeanFactory.java:315) ~[spring-beans-5.0.6.RELEASE.jar:5.0.6.RELEASE]
	at org.springframework.beans.factory.support.AbstractBeanFactory.getBean(AbstractBeanFactory.java:199) ~[spring-beans-5.0.6.RELEASE.jar:5.0.6.RELEASE]
	at org.springframework.beans.factory.support.AbstractBeanFactory.doGetBean(AbstractBeanFactory.java:304) ~[spring-beans-5.0.6.RELEASE.jar:5.0.6.RELEASE]
	at org.springframework.beans.factory.support.AbstractBeanFactory.getBean(AbstractBeanFactory.java:199) ~[spring-beans-5.0.6.RELEASE.jar:5.0.6.RELEASE]
	at org.springframework.context.support.AbstractApplicationContext.getBean(AbstractApplicationContext.java:1089) ~[spring-context-5.0.6.RELEASE.jar:5.0.6.RELEASE]
	at org.springframework.context.support.AbstractApplicationContext.finishBeanFactoryInitialization(AbstractApplicationContext.java:859) ~[spring-context-5.0.6.RELEASE.jar:5.0.6.RELEASE]
	at org.springframework.context.support.AbstractApplicationContext.refresh(AbstractApplicationContext.java:550) ~[spring-context-5.0.6.RELEASE.jar:5.0.6.RELEASE]
	at org.springframework.boot.SpringApplication.refresh(SpringApplication.java:759) ~[spring-boot-2.0.2.RELEASE.jar:2.0.2.RELEASE]
	at org.springframework.boot.SpringApplication.refreshContext(SpringApplication.java:395) ~[spring-boot-2.0.2.RELEASE.jar:2.0.2.RELEASE]
	at org.springframework.boot.SpringApplication.run(SpringApplication.java:327) ~[spring-boot-2.0.2.RELEASE.jar:2.0.2.RELEASE]
	at org.springframework.boot.test.context.SpringBootContextLoader.loadContext(SpringBootContextLoader.java:139) ~[spring-boot-test-2.0.2.RELEASE.jar:2.0.2.RELEASE]
	at org.springframework.test.context.cache.DefaultCacheAwareContextLoaderDelegate.loadContextInternal(DefaultCacheAwareContextLoaderDelegate.java:99) ~[spring-test-5.0.6.RELEASE.jar:5.0.6.RELEASE]
	at org.springframework.test.context.cache.DefaultCacheAwareContextLoaderDelegate.loadContext(DefaultCacheAwareContextLoaderDelegate.java:117) ~[spring-test-5.0.6.RELEASE.jar:5.0.6.RELEASE]
	... 27 common frames omitted
Caused by: org.flywaydb.core.internal.exception.FlywaySqlException: 
Unable to obtain database connection
------------------------------------
SQL State  : 08S01
Error Code : 0
Message    : Communications link failure

The last packet sent successfully to the server was 0 milliseconds ago. The driver has not received any packets from the server.

	at org.flywaydb.core.internal.util.jdbc.JdbcUtils.openConnection(JdbcUtils.java:57) ~[flyway-core-5.0.7.jar:na]
	at org.flywaydb.core.internal.database.DatabaseFactory.createDatabase(DatabaseFactory.java:67) ~[flyway-core-5.0.7.jar:na]
	at org.flywaydb.core.Flyway.execute(Flyway.java:1634) ~[flyway-core-5.0.7.jar:na]
	at org.flywaydb.core.Flyway.migrate(Flyway.java:1168) ~[flyway-core-5.0.7.jar:na]
	at org.springframework.boot.autoconfigure.flyway.FlywayMigrationInitializer.afterPropertiesSet(FlywayMigrationInitializer.java:66) ~[spring-boot-autoconfigure-2.0.2.RELEASE.jar:2.0.2.RELEASE]
	at org.springframework.beans.factory.support.AbstractAutowireCapableBeanFactory.invokeInitMethods(AbstractAutowireCapableBeanFactory.java:1765) ~[spring-beans-5.0.6.RELEASE.jar:5.0.6.RELEASE]
	at org.springframework.beans.factory.support.AbstractAutowireCapableBeanFactory.initializeBean(AbstractAutowireCapableBeanFactory.java:1702) ~[spring-beans-5.0.6.RELEASE.jar:5.0.6.RELEASE]
	... 44 common frames omitted
Caused by: com.mysql.jdbc.exceptions.jdbc4.CommunicationsException: Communications link failure

The last packet sent successfully to the server was 0 milliseconds ago. The driver has not received any packets from the server.
	at java.base/jdk.internal.reflect.NativeConstructorAccessorImpl.newInstance0(Native Method) ~[na:na]
	at java.base/jdk.internal.reflect.NativeConstructorAccessorImpl.newInstance(NativeConstructorAccessorImpl.java:62) ~[na:na]
	at java.base/jdk.internal.reflect.DelegatingConstructorAccessorImpl.newInstance(DelegatingConstructorAccessorImpl.java:45) ~[na:na]
	at java.base/java.lang.reflect.Constructor.newInstance(Constructor.java:490) ~[na:na]
	at com.mysql.jdbc.Util.handleNewInstance(Util.java:425) ~[mysql-connector-java-5.1.46.jar:5.1.46]
	at com.mysql.jdbc.SQLError.createCommunicationsException(SQLError.java:990) ~[mysql-connector-java-5.1.46.jar:5.1.46]
	at com.mysql.jdbc.MysqlIO.<init>(MysqlIO.java:342) ~[mysql-connector-java-5.1.46.jar:5.1.46]
	at com.mysql.jdbc.ConnectionImpl.coreConnect(ConnectionImpl.java:2188) ~[mysql-connector-java-5.1.46.jar:5.1.46]
	at com.mysql.jdbc.ConnectionImpl.connectOneTryOnly(ConnectionImpl.java:2221) ~[mysql-connector-java-5.1.46.jar:5.1.46]
	at com.mysql.jdbc.ConnectionImpl.createNewIO(ConnectionImpl.java:2016) ~[mysql-connector-java-5.1.46.jar:5.1.46]
	at com.mysql.jdbc.ConnectionImpl.<init>(ConnectionImpl.java:776) ~[mysql-connector-java-5.1.46.jar:5.1.46]
	at com.mysql.jdbc.JDBC4Connection.<init>(JDBC4Connection.java:47) ~[mysql-connector-java-5.1.46.jar:5.1.46]
	at java.base/jdk.internal.reflect.NativeConstructorAccessorImpl.newInstance0(Native Method) ~[na:na]
	at java.base/jdk.internal.reflect.NativeConstructorAccessorImpl.newInstance(NativeConstructorAccessorImpl.java:62) ~[na:na]
	at java.base/jdk.internal.reflect.DelegatingConstructorAccessorImpl.newInstance(DelegatingConstructorAccessorImpl.java:45) ~[na:na]
	at java.base/java.lang.reflect.Constructor.newInstance(Constructor.java:490) ~[na:na]
	at com.mysql.jdbc.Util.handleNewInstance(Util.java:425) ~[mysql-connector-java-5.1.46.jar:5.1.46]
	at com.mysql.jdbc.ConnectionImpl.getInstance(ConnectionImpl.java:386) ~[mysql-connector-java-5.1.46.jar:5.1.46]
	at com.mysql.jdbc.NonRegisteringDriver.connect(NonRegisteringDriver.java:330) ~[mysql-connector-java-5.1.46.jar:5.1.46]
	at com.zaxxer.hikari.util.DriverDataSource.getConnection(DriverDataSource.java:117) ~[HikariCP-2.7.9.jar:na]
	at com.zaxxer.hikari.util.DriverDataSource.getConnection(DriverDataSource.java:123) ~[HikariCP-2.7.9.jar:na]
	at com.zaxxer.hikari.pool.PoolBase.newConnection(PoolBase.java:365) ~[HikariCP-2.7.9.jar:na]
	at com.zaxxer.hikari.pool.PoolBase.newPoolEntry(PoolBase.java:194) ~[HikariCP-2.7.9.jar:na]
	at com.zaxxer.hikari.pool.HikariPool.createPoolEntry(HikariPool.java:460) ~[HikariCP-2.7.9.jar:na]
	at com.zaxxer.hikari.pool.HikariPool.checkFailFast(HikariPool.java:534) ~[HikariCP-2.7.9.jar:na]
	at com.zaxxer.hikari.pool.HikariPool.<init>(HikariPool.java:115) ~[HikariCP-2.7.9.jar:na]
	at com.zaxxer.hikari.HikariDataSource.getConnection(HikariDataSource.java:112) ~[HikariCP-2.7.9.jar:na]
	at org.flywaydb.core.internal.util.jdbc.JdbcUtils.openConnection(JdbcUtils.java:51) ~[flyway-core-5.0.7.jar:na]
	... 50 common frames omitted
Caused by: java.net.ConnectException: Conexão recusada (Connection refused)
	at java.base/java.net.PlainSocketImpl.socketConnect(Native Method) ~[na:na]
	at java.base/java.net.AbstractPlainSocketImpl.doConnect(AbstractPlainSocketImpl.java:399) ~[na:na]
	at java.base/java.net.AbstractPlainSocketImpl.connectToAddress(AbstractPlainSocketImpl.java:242) ~[na:na]
	at java.base/java.net.AbstractPlainSocketImpl.connect(AbstractPlainSocketImpl.java:224) ~[na:na]
	at java.base/java.net.SocksSocketImpl.connect(SocksSocketImpl.java:403) ~[na:na]
	at java.base/java.net.Socket.connect(Socket.java:609) ~[na:na]
	at com.mysql.jdbc.StandardSocketFactory.connect(StandardSocketFactory.java:211) ~[mysql-connector-java-5.1.46.jar:5.1.46]
	at com.mysql.jdbc.MysqlIO.<init>(MysqlIO.java:301) ~[mysql-connector-java-5.1.46.jar:5.1.46]
	... 71 common frames omitted

]]></system-out>
  </testcase>
</testsuite>